2017-09-07 10:24:14,077  INFO DemoApplication:48 - Starting DemoApplication on jiazhijie5229 with PID 11884 (E:\ideaworkspace\spring-boot-demo\target\classes started by jiazhijie in E:\ideaworkspace\spring-boot-demo)
2017-09-07 10:24:14,108  INFO DemoApplication:637 - No active profile set, falling back to default profiles: default
2017-09-07 10:24:15,480  INFO AnnotationConfigEmbeddedWebApplicationContext:582 - Refreshing org.springframework.boot.context.embedded.AnnotationConfigEmbeddedWebApplicationContext@7df51055: startup date [Thu Sep 07 10:24:15 CST 2017]; root of context hierarchy
2017-09-07 10:24:17,837  INFO Version:30 - HV000001: Hibernate Validator 5.3.5.Final
2017-09-07 10:24:26,804  INFO DefaultListableBeanFactory:828 - Overriding bean definition for bean 'managementServletContext' with a different definition: replacing [Root bean: class [null]; scope=; abstract=false; lazyInit=false; autowireMode=3; dependencyCheck=0; autowireCandidate=true; primary=false; factoryBeanName=org.springframework.boot.actuate.autoconfigure.EndpointWebMvcHypermediaManagementContextConfiguration; factoryMethodName=managementServletContext; initMethodName=null; destroyMethodName=(inferred); defined in class path resource [org/springframework/boot/actuate/autoconfigure/EndpointWebMvcHypermediaManagementContextConfiguration.class]] with [Root bean: class [null]; scope=; abstract=false; lazyInit=false; autowireMode=3; dependencyCheck=0; autowireCandidate=true; primary=false; factoryBeanName=org.springframework.boot.actuate.autoconfigure.EndpointWebMvcAutoConfiguration; factoryMethodName=managementServletContext; initMethodName=null; destroyMethodName=(inferred); defined in class path resource [org/springframework/boot/actuate/autoconfigure/EndpointWebMvcAutoConfiguration.class]]
2017-09-07 10:24:26,945  INFO RepositoryConfigurationDelegate:165 - Multiple Spring Data modules found, entering strict repository configuration mode!
2017-09-07 10:24:27,080  INFO RepositoryConfigurationDelegate:165 - Multiple Spring Data modules found, entering strict repository configuration mode!
2017-09-07 10:24:28,245  INFO AutowiredAnnotationBeanPostProcessor:155 - JSR-330 'javax.inject.Inject' annotation found and supported for autowiring
2017-09-07 10:24:28,295  WARN ConfigurationPropertiesBindingPostProcessor:268 - Multiple PropertySourcesPlaceholderConfigurer beans registered [propertySourcesPlaceholderConfigurer, swaggerProperties], falling back to Environment
2017-09-07 10:24:28,565  INFO PostProcessorRegistrationDelegate$BeanPostProcessorChecker:325 - Bean 'org.springframework.amqp.rabbit.annotation.RabbitBootstrapConfiguration' of type [org.springframework.amqp.rabbit.annotation.RabbitBootstrapConfiguration$$EnhancerBySpringCGLIB$$7afbeefc] is not eligible for getting processed by all BeanPostProcessors (for example: not eligible for auto-proxying)
2017-09-07 10:24:28,752  INFO PostProcessorRegistrationDelegate$BeanPostProcessorChecker:325 - Bean 'org.springframework.transaction.annotation.ProxyTransactionManagementConfiguration' of type [org.springframework.transaction.annotation.ProxyTransactionManagementConfiguration$$EnhancerBySpringCGLIB$$b49030ce] is not eligible for getting processed by all BeanPostProcessors (for example: not eligible for auto-proxying)
2017-09-07 10:24:29,045  INFO PostProcessorRegistrationDelegate$BeanPostProcessorChecker:325 - Bean 'redisCacheConfig' of type [com.example.demo.config.RedisCacheConfig] is not eligible for getting processed by all BeanPostProcessors (for example: not eligible for auto-proxying)
2017-09-07 10:24:29,107  INFO PostProcessorRegistrationDelegate$BeanPostProcessorChecker:325 - Bean 'org.springframework.cache.annotation.ProxyCachingConfiguration' of type [org.springframework.cache.annotation.ProxyCachingConfiguration$$EnhancerBySpringCGLIB$$fda266ec] is not eligible for getting processed by all BeanPostProcessors (for example: not eligible for auto-proxying)
2017-09-07 10:24:29,170  INFO PostProcessorRegistrationDelegate$BeanPostProcessorChecker:325 - Bean 'org.springframework.statemachine.config.configuration.StateMachineAnnotationPostProcessorConfiguration' of type [org.springframework.statemachine.config.configuration.StateMachineAnnotationPostProcessorConfiguration$$EnhancerBySpringCGLIB$$102446cf] is not eligible for getting processed by all BeanPostProcessors (for example: not eligible for auto-proxying)
2017-09-07 10:24:33,518  INFO TomcatEmbeddedServletContainer:89 - Tomcat initialized with port(s): 8080 (http)
2017-09-07 10:24:35,237  INFO ContextLoader:276 - Root WebApplicationContext: initialization completed in 19788 ms
2017-09-07 10:24:36,754  INFO ServletRegistrationBean:190 - Mapping servlet: 'dispatcherServlet' to [/]
2017-09-07 10:24:36,757  INFO FilterRegistrationBean:258 - Mapping filter: 'metricsFilter' to: [/*]
2017-09-07 10:24:36,757  INFO FilterRegistrationBean:258 - Mapping filter: 'characterEncodingFilter' to: [/*]
2017-09-07 10:24:36,757  INFO FilterRegistrationBean:258 - Mapping filter: 'springSessionRepositoryFilter' to: [/*]
2017-09-07 10:24:36,757  INFO FilterRegistrationBean:258 - Mapping filter: 'hiddenHttpMethodFilter' to: [/*]
2017-09-07 10:24:36,757  INFO FilterRegistrationBean:258 - Mapping filter: 'httpPutFormContentFilter' to: [/*]
2017-09-07 10:24:36,757  INFO FilterRegistrationBean:258 - Mapping filter: 'requestContextFilter' to: [/*]
2017-09-07 10:24:36,757  INFO FilterRegistrationBean:258 - Mapping filter: 'webRequestLoggingFilter' to: [/*]
2017-09-07 10:24:36,757  INFO FilterRegistrationBean:258 - Mapping filter: 'applicationContextIdFilter' to: [/*]
2017-09-07 10:24:37,824  INFO LocalContainerEntityManagerFactoryBean:349 - Building JPA container EntityManagerFactory for persistence unit 'default'
2017-09-07 10:24:37,871  INFO LogHelper:31 - HHH000204: Processing PersistenceUnitInfo [
	name: default
	...]
2017-09-07 10:24:39,395  INFO Version:37 - HHH000412: Hibernate Core {5.0.12.Final}
2017-09-07 10:24:39,397  INFO Environment:213 - HHH000206: hibernate.properties not found
2017-09-07 10:24:39,398  INFO Environment:317 - HHH000021: Bytecode provider name : javassist
2017-09-07 10:24:39,932  INFO Version:66 - HCANN000001: Hibernate Commons Annotations {5.0.1.Final}
2017-09-07 10:24:48,058  INFO Dialect:156 - HHH000400: Using dialect: org.hibernate.dialect.MySQL5Dialect
2017-09-07 10:24:51,480  INFO SchemaUpdate:105 - HHH000228: Running hbm2ddl schema update
2017-09-07 10:24:56,993  INFO LocalContainerEntityManagerFactoryBean:379 - Initialized JPA EntityManagerFactory for persistence unit 'default'
2017-09-07 10:25:03,497  INFO CglibAopProxy:274 - Method [java.util.List springfox.documentation.schema.property.OptimizedModelPropertiesProvider.candidateProperties(com.fasterxml.classmate.ResolvedType,com.fasterxml.jackson.databind.introspect.AnnotatedMember,com.fasterxml.jackson.databind.introspect.BeanPropertyDefinition,springfox.documentation.spi.schema.contexts.ModelContext)] is package-visible across different ClassLoaders and cannot get proxied via CGLIB: Declare this method as public or protected if you need to support invocations through the proxy.
2017-09-07 10:25:05,169  INFO RequestMappingHandlerMapping:543 - Mapped "{[/index]}" onto public org.springframework.web.servlet.ModelAndView com.example.demo.Controller.HelloController.index()
2017-09-07 10:25:05,169  INFO RequestMappingHandlerMapping:543 - Mapped "{[/json]}" onto public java.lang.String com.example.demo.Controller.HelloController.json() throws com.example.demo.exception.MyException
2017-09-07 10:25:05,169  INFO RequestMappingHandlerMapping:543 - Mapped "{[/hello]}" onto public java.lang.String com.example.demo.Controller.HelloController.hello()
2017-09-07 10:25:05,169  INFO RequestMappingHandlerMapping:543 - Mapped "{[/send]}" onto public java.lang.String com.example.demo.Controller.HelloController.send()
2017-09-07 10:25:05,169  INFO RequestMappingHandlerMapping:543 - Mapped "{[/]}" onto public java.lang.String com.example.demo.Controller.LoginController.index()
2017-09-07 10:25:05,169  INFO RequestMappingHandlerMapping:543 - Mapped "{[/login],methods=[POST]}" onto public java.lang.String com.example.demo.Controller.LoginController.login(java.lang.String,java.lang.String,boolean)
2017-09-07 10:25:05,169  INFO RequestMappingHandlerMapping:543 - Mapped "{[/login]}" onto public java.lang.String com.example.demo.Controller.LoginController.login(org.springframework.ui.ModelMap)
2017-09-07 10:25:05,184  INFO RequestMappingHandlerMapping:543 - Mapped "{[/user/upload],methods=[POST],consumes=[multipart/form-data]}" onto public java.lang.String com.example.demo.Controller.UserController.handleFileUpload(java.lang.String,org.springframework.web.multipart.MultipartFile)
2017-09-07 10:25:05,184  INFO RequestMappingHandlerMapping:543 - Mapped "{[/user/hello1],methods=[GET]}" onto public java.lang.String com.example.demo.Controller.UserController.hello1(javax.servlet.http.HttpServletRequest)
2017-09-07 10:25:05,184  INFO RequestMappingHandlerMapping:543 - Mapped "{[/user/getdd],methods=[GET]}" onto public java.lang.String com.example.demo.Controller.UserController.getDownload() throws java.io.IOException
2017-09-07 10:25:05,184  INFO RequestMappingHandlerMapping:543 - Mapped "{[/user/hello],methods=[GET]}" onto public java.lang.String com.example.demo.Controller.UserController.hello(javax.servlet.http.HttpServletRequest)
2017-09-07 10:25:05,184  INFO RequestMappingHandlerMapping:543 - Mapped "{[/user/hb],methods=[GET]}" onto public java.lang.String com.example.demo.Controller.UserController.hbaseTest()
2017-09-07 10:25:05,184  INFO RequestMappingHandlerMapping:543 - Mapped "{[/v2/api-docs],methods=[GET]}" onto public org.springframework.http.ResponseEntity<springfox.documentation.spring.web.json.Json> springfox.documentation.swagger2.web.Swagger2Controller.getDocumentation(java.lang.String)
2017-09-07 10:25:05,184  INFO RequestMappingHandlerMapping:543 - Mapped "{[/configuration/ui]}" onto org.springframework.http.ResponseEntity<springfox.documentation.swagger.web.UiConfiguration> springfox.documentation.swagger.web.ApiResourceController.uiConfiguration()
2017-09-07 10:25:05,184  INFO RequestMappingHandlerMapping:543 - Mapped "{[/configuration/security]}" onto org.springframework.http.ResponseEntity<springfox.documentation.swagger.web.SecurityConfiguration> springfox.documentation.swagger.web.ApiResourceController.securityConfiguration()
2017-09-07 10:25:05,184  INFO RequestMappingHandlerMapping:543 - Mapped "{[/swagger-resources]}" onto org.springframework.http.ResponseEntity<java.util.List<springfox.documentation.swagger.web.SwaggerResource>> springfox.documentation.swagger.web.ApiResourceController.swaggerResources()
2017-09-07 10:25:05,200  INFO RequestMappingHandlerMapping:543 - Mapped "{[/error]}" onto public org.springframework.http.ResponseEntity<java.util.Map<java.lang.String, java.lang.Object>> org.springframework.boot.autoconfigure.web.BasicErrorController.error(javax.servlet.http.HttpServletRequest)
2017-09-07 10:25:05,200  INFO RequestMappingHandlerMapping:543 - Mapped "{[/error],produces=[text/html]}" onto public org.springframework.web.servlet.ModelAndView org.springframework.boot.autoconfigure.web.BasicErrorController.errorHtml(javax.servlet.http.HttpServletRequest,javax.servlet.http.HttpServletResponse)
2017-09-07 10:25:06,462  INFO EndpointHandlerMapping:543 - Mapped "{[/env/{name:.*}],methods=[GET],produces=[application/vnd.spring-boot.actuator.v1+json || application/json]}" onto public java.lang.Object org.springframework.boot.actuate.endpoint.mvc.EnvironmentMvcEndpoint.value(java.lang.String)
2017-09-07 10:25:06,462  INFO EndpointHandlerMapping:543 - Mapped "{[/env || /env.json],methods=[GET],produces=[application/vnd.spring-boot.actuator.v1+json || application/json]}" onto public java.lang.Object org.springframework.boot.actuate.endpoint.mvc.EndpointMvcAdapter.invoke()
2017-09-07 10:25:06,462  INFO EndpointHandlerMapping:543 - Mapped "{[/health || /health.json],methods=[GET],produces=[application/vnd.spring-boot.actuator.v1+json || application/json]}" onto public java.lang.Object org.springframework.boot.actuate.endpoint.mvc.HealthMvcEndpoint.invoke(javax.servlet.http.HttpServletRequest,java.security.Principal)
2017-09-07 10:25:06,462  INFO EndpointHandlerMapping:543 - Mapped "{[/configprops || /configprops.json],methods=[GET],produces=[application/vnd.spring-boot.actuator.v1+json || application/json]}" onto public java.lang.Object org.springframework.boot.actuate.endpoint.mvc.EndpointMvcAdapter.invoke()
2017-09-07 10:25:06,462  INFO EndpointHandlerMapping:543 - Mapped "{[/heapdump || /heapdump.json],methods=[GET],produces=[application/octet-stream]}" onto public void org.springframework.boot.actuate.endpoint.mvc.HeapdumpMvcEndpoint.invoke(boolean,javax.servlet.http.HttpServletRequest,javax.servlet.http.HttpServletResponse) throws java.io.IOException,javax.servlet.ServletException
2017-09-07 10:25:06,462  INFO EndpointHandlerMapping:543 - Mapped "{[/shutdown || /shutdown.json],methods=[POST],produces=[application/vnd.spring-boot.actuator.v1+json || application/json]}" onto public java.lang.Object org.springframework.boot.actuate.endpoint.mvc.ShutdownMvcEndpoint.invoke()
2017-09-07 10:25:06,462  INFO EndpointHandlerMapping:543 - Mapped "{[/trace || /trace.json],methods=[GET],produces=[application/vnd.spring-boot.actuator.v1+json || application/json]}" onto public java.lang.Object org.springframework.boot.actuate.endpoint.mvc.EndpointMvcAdapter.invoke()
2017-09-07 10:25:06,462  INFO EndpointHandlerMapping:543 - Mapped "{[/servertime || /servertime.json],methods=[GET],produces=[application/vnd.spring-boot.actuator.v1+json || application/json]}" onto public java.lang.Object org.springframework.boot.actuate.endpoint.mvc.EndpointMvcAdapter.invoke()
2017-09-07 10:25:06,478  INFO EndpointHandlerMapping:543 - Mapped "{[/loggers/{name:.*}],methods=[GET],produces=[application/vnd.spring-boot.actuator.v1+json || application/json]}" onto public java.lang.Object org.springframework.boot.actuate.endpoint.mvc.LoggersMvcEndpoint.get(java.lang.String)
2017-09-07 10:25:06,478  INFO EndpointHandlerMapping:543 - Mapped "{[/loggers/{name:.*}],methods=[POST],consumes=[application/vnd.spring-boot.actuator.v1+json || application/json],produces=[application/vnd.spring-boot.actuator.v1+json || application/json]}" onto public java.lang.Object org.springframework.boot.actuate.endpoint.mvc.LoggersMvcEndpoint.set(java.lang.String,java.util.Map<java.lang.String, java.lang.String>)
2017-09-07 10:25:06,478  INFO EndpointHandlerMapping:543 - Mapped "{[/loggers || /loggers.json],methods=[GET],produces=[application/vnd.spring-boot.actuator.v1+json || application/json]}" onto public java.lang.Object org.springframework.boot.actuate.endpoint.mvc.EndpointMvcAdapter.invoke()
2017-09-07 10:25:06,478  INFO EndpointHandlerMapping:543 - Mapped "{[/dump || /dump.json],methods=[GET],produces=[application/vnd.spring-boot.actuator.v1+json || application/json]}" onto public java.lang.Object org.springframework.boot.actuate.endpoint.mvc.EndpointMvcAdapter.invoke()
2017-09-07 10:25:06,478  INFO EndpointHandlerMapping:543 - Mapped "{[/mappings || /mappings.json],methods=[GET],produces=[application/vnd.spring-boot.actuator.v1+json || application/json]}" onto public java.lang.Object org.springframework.boot.actuate.endpoint.mvc.EndpointMvcAdapter.invoke()
2017-09-07 10:25:06,478  INFO EndpointHandlerMapping:543 - Mapped "{[/autoconfig || /autoconfig.json],methods=[GET],produces=[application/vnd.spring-boot.actuator.v1+json || application/json]}" onto public java.lang.Object org.springframework.boot.actuate.endpoint.mvc.EndpointMvcAdapter.invoke()
2017-09-07 10:25:06,478  INFO EndpointHandlerMapping:543 - Mapped "{[/actuator || /actuator.json],methods=[GET],produces=[application/vnd.spring-boot.actuator.v1+json || application/json]}" onto public org.springframework.hateoas.ResourceSupport org.springframework.boot.actuate.endpoint.mvc.HalJsonMvcEndpoint.links()
2017-09-07 10:25:06,478  INFO EndpointHandlerMapping:543 - Mapped "{[/metrics/{name:.*}],methods=[GET],produces=[application/vnd.spring-boot.actuator.v1+json || application/json]}" onto public java.lang.Object org.springframework.boot.actuate.endpoint.mvc.MetricsMvcEndpoint.value(java.lang.String)
2017-09-07 10:25:06,478  INFO EndpointHandlerMapping:543 - Mapped "{[/metrics || /metrics.json],methods=[GET],produces=[application/vnd.spring-boot.actuator.v1+json || application/json]}" onto public java.lang.Object org.springframework.boot.actuate.endpoint.mvc.EndpointMvcAdapter.invoke()
2017-09-07 10:25:06,478  INFO EndpointHandlerMapping:543 - Mapped "{[/info || /info.json],methods=[GET],produces=[application/vnd.spring-boot.actuator.v1+json || application/json]}" onto public java.lang.Object org.springframework.boot.actuate.endpoint.mvc.EndpointMvcAdapter.invoke()
2017-09-07 10:25:06,478  INFO EndpointHandlerMapping:543 - Mapped "{[/beans || /beans.json],methods=[GET],produces=[application/vnd.spring-boot.actuator.v1+json || application/json]}" onto public java.lang.Object org.springframework.boot.actuate.endpoint.mvc.EndpointMvcAdapter.invoke()
2017-09-07 10:25:06,478  INFO EndpointHandlerMapping:543 - Mapped "{[/auditevents || /auditevents.json],methods=[GET],produces=[application/vnd.spring-boot.actuator.v1+json || application/json]}" onto public org.springframework.http.ResponseEntity<?> org.springframework.boot.actuate.endpoint.mvc.AuditEventsMvcEndpoint.findByPrincipalAndAfterAndType(java.lang.String,java.util.Date,java.lang.String)
2017-09-07 10:25:08,057  WARN AnnotationConfigEmbeddedWebApplicationContext:550 - Exception encountered during context initialization - cancelling refresh attempt: org.springframework.beans.factory.BeanCreationException: Error creating bean with name 'enableRedisKeyspaceNotificationsInitializer' defined in class path resource [org/springframework/session/data/redis/config/annotation/web/http/RedisHttpSessionConfiguration.class]: Invocation of init method failed; nested exception is org.springframework.data.redis.RedisConnectionFailureException: Cannot get Jedis connection; nested exception is redis.clients.jedis.exceptions.JedisConnectionException: Could not get a resource from the pool
2017-09-07 10:25:08,057  INFO LocalContainerEntityManagerFactoryBean:548 - Closing JPA EntityManagerFactory for persistence unit 'default'
2017-09-07 10:25:08,258  INFO AutoConfigurationReportLoggingInitializer:101 - 

Error starting ApplicationContext. To display the auto-configuration report re-run your application with 'debug' enabled.
2017-09-07 10:25:08,273 ERROR SpringApplication:815 - Application startup failed
org.springframework.beans.factory.BeanCreationException: Error creating bean with name 'enableRedisKeyspaceNotificationsInitializer' defined in class path resource [org/springframework/session/data/redis/config/annotation/web/http/RedisHttpSessionConfiguration.class]: Invocation of init method failed; nested exception is org.springframework.data.redis.RedisConnectionFailureException: Cannot get Jedis connection; nested exception is redis.clients.jedis.exceptions.JedisConnectionException: Could not get a resource from the pool
	at org.springframework.beans.factory.support.AbstractAutowireCapableBeanFactory.initializeBean(AbstractAutowireCapableBeanFactory.java:1628)
	at org.springframework.beans.factory.support.AbstractAutowireCapableBeanFactory.doCreateBean(AbstractAutowireCapableBeanFactory.java:555)
	at org.springframework.beans.factory.support.AbstractAutowireCapableBeanFactory.createBean(AbstractAutowireCapableBeanFactory.java:483)
	at org.springframework.beans.factory.support.AbstractBeanFactory$1.getObject(AbstractBeanFactory.java:306)
	at org.springframework.beans.factory.support.DefaultSingletonBeanRegistry.getSingleton(DefaultSingletonBeanRegistry.java:230)
	at org.springframework.beans.factory.support.AbstractBeanFactory.doGetBean(AbstractBeanFactory.java:302)
	at org.springframework.beans.factory.support.AbstractBeanFactory.getBean(AbstractBeanFactory.java:197)
	at org.springframework.beans.factory.support.DefaultListableBeanFactory.preInstantiateSingletons(DefaultListableBeanFactory.java:761)
	at org.springframework.context.support.AbstractApplicationContext.finishBeanFactoryInitialization(AbstractApplicationContext.java:866)
	at org.springframework.context.support.AbstractApplicationContext.refresh(AbstractApplicationContext.java:542)
	at org.springframework.boot.context.embedded.EmbeddedWebApplicationContext.refresh(EmbeddedWebApplicationContext.java:122)
	at org.springframework.boot.SpringApplication.refresh(SpringApplication.java:737)
	at org.springframework.boot.SpringApplication.refreshContext(SpringApplication.java:370)
	at org.springframework.boot.SpringApplication.run(SpringApplication.java:314)
	at org.springframework.boot.SpringApplication.run(SpringApplication.java:1162)
	at org.springframework.boot.SpringApplication.run(SpringApplication.java:1151)
	at com.example.demo.DemoApplication.main(DemoApplication.java:31)
	at sun.reflect.NativeMethodAccessorImpl.invoke0(Native Method)
	at sun.reflect.NativeMethodAccessorImpl.invoke(NativeMethodAccessorImpl.java:57)
	at sun.reflect.DelegatingMethodAccessorImpl.invoke(DelegatingMethodAccessorImpl.java:43)
	at java.lang.reflect.Method.invoke(Method.java:601)
	at org.springframework.boot.devtools.restart.RestartLauncher.run(RestartLauncher.java:49)
Caused by: org.springframework.data.redis.RedisConnectionFailureException: Cannot get Jedis connection; nested exception is redis.clients.jedis.exceptions.JedisConnectionException: Could not get a resource from the pool
	at org.springframework.data.redis.connection.jedis.JedisConnectionFactory.fetchJedisConnector(JedisConnectionFactory.java:204)
	at org.springframework.data.redis.connection.jedis.JedisConnectionFactory.getConnection(JedisConnectionFactory.java:348)
	at org.springframework.session.data.redis.config.annotation.web.http.RedisHttpSessionConfiguration$EnableRedisKeyspaceNotificationsInitializer.afterPropertiesSet(RedisHttpSessionConfiguration.java:249)
	at org.springframework.beans.factory.support.AbstractAutowireCapableBeanFactory.invokeInitMethods(AbstractAutowireCapableBeanFactory.java:1687)
	at org.springframework.beans.factory.support.AbstractAutowireCapableBeanFactory.initializeBean(AbstractAutowireCapableBeanFactory.java:1624)
	... 21 more
Caused by: redis.clients.jedis.exceptions.JedisConnectionException: Could not get a resource from the pool
	at redis.clients.util.Pool.getResource(Pool.java:53)
	at redis.clients.jedis.JedisPool.getResource(JedisPool.java:226)
	at redis.clients.jedis.JedisPool.getResource(JedisPool.java:16)
	at org.springframework.data.redis.connection.jedis.JedisConnectionFactory.fetchJedisConnector(JedisConnectionFactory.java:194)
	... 25 more
Caused by: redis.clients.jedis.exceptions.JedisConnectionException: java.net.ConnectException: Connection refused: connect
	at redis.clients.jedis.Connection.connect(Connection.java:207)
	at redis.clients.jedis.BinaryClient.connect(BinaryClient.java:93)
	at redis.clients.jedis.BinaryJedis.connect(BinaryJedis.java:1767)
	at redis.clients.jedis.JedisFactory.makeObject(JedisFactory.java:106)
	at org.apache.commons.pool2.impl.GenericObjectPool.create(GenericObjectPool.java:868)
	at org.apache.commons.pool2.impl.GenericObjectPool.borrowObject(GenericObjectPool.java:435)
	at org.apache.commons.pool2.impl.GenericObjectPool.borrowObject(GenericObjectPool.java:363)
	at redis.clients.util.Pool.getResource(Pool.java:49)
	... 28 more
Caused by: java.net.ConnectException: Connection refused: connect
	at java.net.DualStackPlainSocketImpl.waitForConnect(Native Method)
	at java.net.DualStackPlainSocketImpl.socketConnect(DualStackPlainSocketImpl.java:75)
	at java.net.AbstractPlainSocketImpl.doConnect(AbstractPlainSocketImpl.java:339)
	at java.net.AbstractPlainSocketImpl.connectToAddress(AbstractPlainSocketImpl.java:200)
	at java.net.AbstractPlainSocketImpl.connect(AbstractPlainSocketImpl.java:182)
	at java.net.PlainSocketImpl.connect(PlainSocketImpl.java:157)
	at java.net.SocksSocketImpl.connect(SocksSocketImpl.java:391)
	at java.net.Socket.connect(Socket.java:579)
	at redis.clients.jedis.Connection.connect(Connection.java:184)
	... 35 more
2017-09-07 10:26:15,193  INFO DemoApplication:48 - Starting DemoApplication on jiazhijie5229 with PID 17636 (E:\ideaworkspace\spring-boot-demo\target\classes started by jiazhijie in E:\ideaworkspace\spring-boot-demo)
2017-09-07 10:26:15,193  INFO DemoApplication:637 - No active profile set, falling back to default profiles: default
2017-09-07 10:26:15,490  INFO AnnotationConfigEmbeddedWebApplicationContext:582 - Refreshing org.springframework.boot.context.embedded.AnnotationConfigEmbeddedWebApplicationContext@4e205be8: startup date [Thu Sep 07 10:26:15 CST 2017]; root of context hierarchy
2017-09-07 10:26:15,709  INFO Version:30 - HV000001: Hibernate Validator 5.3.5.Final
2017-09-07 10:26:18,608  INFO DefaultListableBeanFactory:828 - Overriding bean definition for bean 'managementServletContext' with a different definition: replacing [Root bean: class [null]; scope=; abstract=false; lazyInit=false; autowireMode=3; dependencyCheck=0; autowireCandidate=true; primary=false; factoryBeanName=org.springframework.boot.actuate.autoconfigure.EndpointWebMvcHypermediaManagementContextConfiguration; factoryMethodName=managementServletContext; initMethodName=null; destroyMethodName=(inferred); defined in class path resource [org/springframework/boot/actuate/autoconfigure/EndpointWebMvcHypermediaManagementContextConfiguration.class]] with [Root bean: class [null]; scope=; abstract=false; lazyInit=false; autowireMode=3; dependencyCheck=0; autowireCandidate=true; primary=false; factoryBeanName=org.springframework.boot.actuate.autoconfigure.EndpointWebMvcAutoConfiguration; factoryMethodName=managementServletContext; initMethodName=null; destroyMethodName=(inferred); defined in class path resource [org/springframework/boot/actuate/autoconfigure/EndpointWebMvcAutoConfiguration.class]]
2017-09-07 10:26:18,655  INFO RepositoryConfigurationDelegate:165 - Multiple Spring Data modules found, entering strict repository configuration mode!
2017-09-07 10:26:18,717  INFO RepositoryConfigurationDelegate:165 - Multiple Spring Data modules found, entering strict repository configuration mode!
2017-09-07 10:26:19,780  INFO AutowiredAnnotationBeanPostProcessor:155 - JSR-330 'javax.inject.Inject' annotation found and supported for autowiring
2017-09-07 10:26:19,811  WARN ConfigurationPropertiesBindingPostProcessor:268 - Multiple PropertySourcesPlaceholderConfigurer beans registered [propertySourcesPlaceholderConfigurer, swaggerProperties], falling back to Environment
2017-09-07 10:26:19,999  INFO PostProcessorRegistrationDelegate$BeanPostProcessorChecker:325 - Bean 'org.springframework.amqp.rabbit.annotation.RabbitBootstrapConfiguration' of type [org.springframework.amqp.rabbit.annotation.RabbitBootstrapConfiguration$$EnhancerBySpringCGLIB$$67187b2b] is not eligible for getting processed by all BeanPostProcessors (for example: not eligible for auto-proxying)
2017-09-07 10:26:20,186  INFO PostProcessorRegistrationDelegate$BeanPostProcessorChecker:325 - Bean 'org.springframework.transaction.annotation.ProxyTransactionManagementConfiguration' of type [org.springframework.transaction.annotation.ProxyTransactionManagementConfiguration$$EnhancerBySpringCGLIB$$a0acbcfd] is not eligible for getting processed by all BeanPostProcessors (for example: not eligible for auto-proxying)
2017-09-07 10:26:20,389  INFO PostProcessorRegistrationDelegate$BeanPostProcessorChecker:325 - Bean 'redisCacheConfig' of type [com.example.demo.config.RedisCacheConfig] is not eligible for getting processed by all BeanPostProcessors (for example: not eligible for auto-proxying)
2017-09-07 10:26:20,405  INFO PostProcessorRegistrationDelegate$BeanPostProcessorChecker:325 - Bean 'org.springframework.cache.annotation.ProxyCachingConfiguration' of type [org.springframework.cache.annotation.ProxyCachingConfiguration$$EnhancerBySpringCGLIB$$e9bef31b] is not eligible for getting processed by all BeanPostProcessors (for example: not eligible for auto-proxying)
2017-09-07 10:26:20,468  INFO PostProcessorRegistrationDelegate$BeanPostProcessorChecker:325 - Bean 'org.springframework.statemachine.config.configuration.StateMachineAnnotationPostProcessorConfiguration' of type [org.springframework.statemachine.config.configuration.StateMachineAnnotationPostProcessorConfiguration$$EnhancerBySpringCGLIB$$fc40d2fe] is not eligible for getting processed by all BeanPostProcessors (for example: not eligible for auto-proxying)
2017-09-07 10:26:21,377  INFO TomcatEmbeddedServletContainer:89 - Tomcat initialized with port(s): 8080 (http)
2017-09-07 10:26:22,222  INFO ContextLoader:276 - Root WebApplicationContext: initialization completed in 6748 ms
2017-09-07 10:26:23,434  INFO ServletRegistrationBean:190 - Mapping servlet: 'dispatcherServlet' to [/]
2017-09-07 10:26:23,450  INFO FilterRegistrationBean:258 - Mapping filter: 'metricsFilter' to: [/*]
2017-09-07 10:26:23,450  INFO FilterRegistrationBean:258 - Mapping filter: 'characterEncodingFilter' to: [/*]
2017-09-07 10:26:23,450  INFO FilterRegistrationBean:258 - Mapping filter: 'springSessionRepositoryFilter' to: [/*]
2017-09-07 10:26:23,450  INFO FilterRegistrationBean:258 - Mapping filter: 'hiddenHttpMethodFilter' to: [/*]
2017-09-07 10:26:23,450  INFO FilterRegistrationBean:258 - Mapping filter: 'httpPutFormContentFilter' to: [/*]
2017-09-07 10:26:23,450  INFO FilterRegistrationBean:258 - Mapping filter: 'requestContextFilter' to: [/*]
2017-09-07 10:26:23,450  INFO FilterRegistrationBean:258 - Mapping filter: 'webRequestLoggingFilter' to: [/*]
2017-09-07 10:26:23,450  INFO FilterRegistrationBean:258 - Mapping filter: 'applicationContextIdFilter' to: [/*]
2017-09-07 10:26:24,200  INFO LocalContainerEntityManagerFactoryBean:349 - Building JPA container EntityManagerFactory for persistence unit 'default'
2017-09-07 10:26:24,216  INFO LogHelper:31 - HHH000204: Processing PersistenceUnitInfo [
	name: default
	...]
2017-09-07 10:26:24,278  INFO Version:37 - HHH000412: Hibernate Core {5.0.12.Final}
2017-09-07 10:26:24,294  INFO Environment:213 - HHH000206: hibernate.properties not found
2017-09-07 10:26:24,294  INFO Environment:317 - HHH000021: Bytecode provider name : javassist
2017-09-07 10:26:24,325  INFO Version:66 - HCANN000001: Hibernate Commons Annotations {5.0.1.Final}
2017-09-07 10:26:25,121  INFO Dialect:156 - HHH000400: Using dialect: org.hibernate.dialect.MySQL5Dialect
2017-09-07 10:26:25,433  INFO SchemaUpdate:105 - HHH000228: Running hbm2ddl schema update
2017-09-07 10:26:28,333  INFO LocalContainerEntityManagerFactoryBean:379 - Initialized JPA EntityManagerFactory for persistence unit 'default'
2017-09-07 10:26:30,105  INFO CglibAopProxy:274 - Method [java.util.List springfox.documentation.schema.property.OptimizedModelPropertiesProvider.candidateProperties(com.fasterxml.classmate.ResolvedType,com.fasterxml.jackson.databind.introspect.AnnotatedMember,com.fasterxml.jackson.databind.introspect.BeanPropertyDefinition,springfox.documentation.spi.schema.contexts.ModelContext)] is package-visible across different ClassLoaders and cannot get proxied via CGLIB: Declare this method as public or protected if you need to support invocations through the proxy.
2017-09-07 10:26:30,871  INFO RequestMappingHandlerMapping:543 - Mapped "{[/index]}" onto public org.springframework.web.servlet.ModelAndView com.example.demo.Controller.HelloController.index()
2017-09-07 10:26:30,871  INFO RequestMappingHandlerMapping:543 - Mapped "{[/json]}" onto public java.lang.String com.example.demo.Controller.HelloController.json() throws com.example.demo.exception.MyException
2017-09-07 10:26:30,871  INFO RequestMappingHandlerMapping:543 - Mapped "{[/hello]}" onto public java.lang.String com.example.demo.Controller.HelloController.hello()
2017-09-07 10:26:30,871  INFO RequestMappingHandlerMapping:543 - Mapped "{[/send]}" onto public java.lang.String com.example.demo.Controller.HelloController.send()
2017-09-07 10:26:30,871  INFO RequestMappingHandlerMapping:543 - Mapped "{[/]}" onto public java.lang.String com.example.demo.Controller.LoginController.index()
2017-09-07 10:26:30,871  INFO RequestMappingHandlerMapping:543 - Mapped "{[/login],methods=[POST]}" onto public java.lang.String com.example.demo.Controller.LoginController.login(java.lang.String,java.lang.String,boolean)
2017-09-07 10:26:30,871  INFO RequestMappingHandlerMapping:543 - Mapped "{[/login]}" onto public java.lang.String com.example.demo.Controller.LoginController.login(org.springframework.ui.ModelMap)
2017-09-07 10:26:30,886  INFO RequestMappingHandlerMapping:543 - Mapped "{[/user/upload],methods=[POST],consumes=[multipart/form-data]}" onto public java.lang.String com.example.demo.Controller.UserController.handleFileUpload(java.lang.String,org.springframework.web.multipart.MultipartFile)
2017-09-07 10:26:30,886  INFO RequestMappingHandlerMapping:543 - Mapped "{[/user/hello],methods=[GET]}" onto public java.lang.String com.example.demo.Controller.UserController.hello(javax.servlet.http.HttpServletRequest)
2017-09-07 10:26:30,886  INFO RequestMappingHandlerMapping:543 - Mapped "{[/user/getdd],methods=[GET]}" onto public java.lang.String com.example.demo.Controller.UserController.getDownload() throws java.io.IOException
2017-09-07 10:26:30,886  INFO RequestMappingHandlerMapping:543 - Mapped "{[/user/hb],methods=[GET]}" onto public java.lang.String com.example.demo.Controller.UserController.hbaseTest()
2017-09-07 10:26:30,886  INFO RequestMappingHandlerMapping:543 - Mapped "{[/user/hello1],methods=[GET]}" onto public java.lang.String com.example.demo.Controller.UserController.hello1(javax.servlet.http.HttpServletRequest)
2017-09-07 10:26:30,886  INFO RequestMappingHandlerMapping:543 - Mapped "{[/v2/api-docs],methods=[GET]}" onto public org.springframework.http.ResponseEntity<springfox.documentation.spring.web.json.Json> springfox.documentation.swagger2.web.Swagger2Controller.getDocumentation(java.lang.String)
2017-09-07 10:26:30,886  INFO RequestMappingHandlerMapping:543 - Mapped "{[/configuration/security]}" onto org.springframework.http.ResponseEntity<springfox.documentation.swagger.web.SecurityConfiguration> springfox.documentation.swagger.web.ApiResourceController.securityConfiguration()
2017-09-07 10:26:30,886  INFO RequestMappingHandlerMapping:543 - Mapped "{[/configuration/ui]}" onto org.springframework.http.ResponseEntity<springfox.documentation.swagger.web.UiConfiguration> springfox.documentation.swagger.web.ApiResourceController.uiConfiguration()
2017-09-07 10:26:30,886  INFO RequestMappingHandlerMapping:543 - Mapped "{[/swagger-resources]}" onto org.springframework.http.ResponseEntity<java.util.List<springfox.documentation.swagger.web.SwaggerResource>> springfox.documentation.swagger.web.ApiResourceController.swaggerResources()
2017-09-07 10:26:30,918  INFO RequestMappingHandlerMapping:543 - Mapped "{[/error]}" onto public org.springframework.http.ResponseEntity<java.util.Map<java.lang.String, java.lang.Object>> org.springframework.boot.autoconfigure.web.BasicErrorController.error(javax.servlet.http.HttpServletRequest)
2017-09-07 10:26:30,918  INFO RequestMappingHandlerMapping:543 - Mapped "{[/error],produces=[text/html]}" onto public org.springframework.web.servlet.ModelAndView org.springframework.boot.autoconfigure.web.BasicErrorController.errorHtml(javax.servlet.http.HttpServletRequest,javax.servlet.http.HttpServletResponse)
2017-09-07 10:26:31,746  INFO EndpointHandlerMapping:543 - Mapped "{[/dump || /dump.json],methods=[GET],produces=[application/vnd.spring-boot.actuator.v1+json || application/json]}" onto public java.lang.Object org.springframework.boot.actuate.endpoint.mvc.EndpointMvcAdapter.invoke()
2017-09-07 10:26:31,746  INFO EndpointHandlerMapping:543 - Mapped "{[/beans || /beans.json],methods=[GET],produces=[application/vnd.spring-boot.actuator.v1+json || application/json]}" onto public java.lang.Object org.springframework.boot.actuate.endpoint.mvc.EndpointMvcAdapter.invoke()
2017-09-07 10:26:31,746  INFO EndpointHandlerMapping:543 - Mapped "{[/shutdown || /shutdown.json],methods=[POST],produces=[application/vnd.spring-boot.actuator.v1+json || application/json]}" onto public java.lang.Object org.springframework.boot.actuate.endpoint.mvc.ShutdownMvcEndpoint.invoke()
2017-09-07 10:26:31,746  INFO EndpointHandlerMapping:543 - Mapped "{[/env/{name:.*}],methods=[GET],produces=[application/vnd.spring-boot.actuator.v1+json || application/json]}" onto public java.lang.Object org.springframework.boot.actuate.endpoint.mvc.EnvironmentMvcEndpoint.value(java.lang.String)
2017-09-07 10:26:31,746  INFO EndpointHandlerMapping:543 - Mapped "{[/env || /env.json],methods=[GET],produces=[application/vnd.spring-boot.actuator.v1+json || application/json]}" onto public java.lang.Object org.springframework.boot.actuate.endpoint.mvc.EndpointMvcAdapter.invoke()
2017-09-07 10:26:31,746  INFO EndpointHandlerMapping:543 - Mapped "{[/metrics/{name:.*}],methods=[GET],produces=[application/vnd.spring-boot.actuator.v1+json || application/json]}" onto public java.lang.Object org.springframework.boot.actuate.endpoint.mvc.MetricsMvcEndpoint.value(java.lang.String)
2017-09-07 10:26:31,746  INFO EndpointHandlerMapping:543 - Mapped "{[/metrics || /metrics.json],methods=[GET],produces=[application/vnd.spring-boot.actuator.v1+json || application/json]}" onto public java.lang.Object org.springframework.boot.actuate.endpoint.mvc.EndpointMvcAdapter.invoke()
2017-09-07 10:26:31,746  INFO EndpointHandlerMapping:543 - Mapped "{[/configprops || /configprops.json],methods=[GET],produces=[application/vnd.spring-boot.actuator.v1+json || application/json]}" onto public java.lang.Object org.springframework.boot.actuate.endpoint.mvc.EndpointMvcAdapter.invoke()
2017-09-07 10:26:31,762  INFO EndpointHandlerMapping:543 - Mapped "{[/loggers/{name:.*}],methods=[GET],produces=[application/vnd.spring-boot.actuator.v1+json || application/json]}" onto public java.lang.Object org.springframework.boot.actuate.endpoint.mvc.LoggersMvcEndpoint.get(java.lang.String)
2017-09-07 10:26:31,762  INFO EndpointHandlerMapping:543 - Mapped "{[/loggers/{name:.*}],methods=[POST],consumes=[application/vnd.spring-boot.actuator.v1+json || application/json],produces=[application/vnd.spring-boot.actuator.v1+json || application/json]}" onto public java.lang.Object org.springframework.boot.actuate.endpoint.mvc.LoggersMvcEndpoint.set(java.lang.String,java.util.Map<java.lang.String, java.lang.String>)
2017-09-07 10:26:31,762  INFO EndpointHandlerMapping:543 - Mapped "{[/loggers || /loggers.json],methods=[GET],produces=[application/vnd.spring-boot.actuator.v1+json || application/json]}" onto public java.lang.Object org.springframework.boot.actuate.endpoint.mvc.EndpointMvcAdapter.invoke()
2017-09-07 10:26:31,762  INFO EndpointHandlerMapping:543 - Mapped "{[/servertime || /servertime.json],methods=[GET],produces=[application/vnd.spring-boot.actuator.v1+json || application/json]}" onto public java.lang.Object org.springframework.boot.actuate.endpoint.mvc.EndpointMvcAdapter.invoke()
2017-09-07 10:26:31,762  INFO EndpointHandlerMapping:543 - Mapped "{[/health || /health.json],methods=[GET],produces=[application/vnd.spring-boot.actuator.v1+json || application/json]}" onto public java.lang.Object org.springframework.boot.actuate.endpoint.mvc.HealthMvcEndpoint.invoke(javax.servlet.http.HttpServletRequest,java.security.Principal)
2017-09-07 10:26:31,762  INFO EndpointHandlerMapping:543 - Mapped "{[/actuator || /actuator.json],methods=[GET],produces=[application/vnd.spring-boot.actuator.v1+json || application/json]}" onto public org.springframework.hateoas.ResourceSupport org.springframework.boot.actuate.endpoint.mvc.HalJsonMvcEndpoint.links()
2017-09-07 10:26:31,762  INFO EndpointHandlerMapping:543 - Mapped "{[/autoconfig || /autoconfig.json],methods=[GET],produces=[application/vnd.spring-boot.actuator.v1+json || application/json]}" onto public java.lang.Object org.springframework.boot.actuate.endpoint.mvc.EndpointMvcAdapter.invoke()
2017-09-07 10:26:31,762  INFO EndpointHandlerMapping:543 - Mapped "{[/info || /info.json],methods=[GET],produces=[application/vnd.spring-boot.actuator.v1+json || application/json]}" onto public java.lang.Object org.springframework.boot.actuate.endpoint.mvc.EndpointMvcAdapter.invoke()
2017-09-07 10:26:31,777  INFO EndpointHandlerMapping:543 - Mapped "{[/mappings || /mappings.json],methods=[GET],produces=[application/vnd.spring-boot.actuator.v1+json || application/json]}" onto public java.lang.Object org.springframework.boot.actuate.endpoint.mvc.EndpointMvcAdapter.invoke()
2017-09-07 10:26:31,777  INFO EndpointHandlerMapping:543 - Mapped "{[/heapdump || /heapdump.json],methods=[GET],produces=[application/octet-stream]}" onto public void org.springframework.boot.actuate.endpoint.mvc.HeapdumpMvcEndpoint.invoke(boolean,javax.servlet.http.HttpServletRequest,javax.servlet.http.HttpServletResponse) throws java.io.IOException,javax.servlet.ServletException
2017-09-07 10:26:31,777  INFO EndpointHandlerMapping:543 - Mapped "{[/auditevents || /auditevents.json],methods=[GET],produces=[application/vnd.spring-boot.actuator.v1+json || application/json]}" onto public org.springframework.http.ResponseEntity<?> org.springframework.boot.actuate.endpoint.mvc.AuditEventsMvcEndpoint.findByPrincipalAndAfterAndType(java.lang.String,java.util.Date,java.lang.String)
2017-09-07 10:26:31,777  INFO EndpointHandlerMapping:543 - Mapped "{[/trace || /trace.json],methods=[GET],produces=[application/vnd.spring-boot.actuator.v1+json || application/json]}" onto public java.lang.Object org.springframework.boot.actuate.endpoint.mvc.EndpointMvcAdapter.invoke()
2017-09-07 10:26:33,105  WARN AnnotationConfigEmbeddedWebApplicationContext:550 - Exception encountered during context initialization - cancelling refresh attempt: org.springframework.beans.factory.BeanCreationException: Error creating bean with name 'enableRedisKeyspaceNotificationsInitializer' defined in class path resource [org/springframework/session/data/redis/config/annotation/web/http/RedisHttpSessionConfiguration.class]: Invocation of init method failed; nested exception is org.springframework.data.redis.RedisConnectionFailureException: Cannot get Jedis connection; nested exception is redis.clients.jedis.exceptions.JedisConnectionException: Could not get a resource from the pool
2017-09-07 10:26:33,105  INFO LocalContainerEntityManagerFactoryBean:548 - Closing JPA EntityManagerFactory for persistence unit 'default'
2017-09-07 10:26:33,136  INFO AutoConfigurationReportLoggingInitializer:101 - 

Error starting ApplicationContext. To display the auto-configuration report re-run your application with 'debug' enabled.
2017-09-07 10:26:33,152 ERROR SpringApplication:815 - Application startup failed
org.springframework.beans.factory.BeanCreationException: Error creating bean with name 'enableRedisKeyspaceNotificationsInitializer' defined in class path resource [org/springframework/session/data/redis/config/annotation/web/http/RedisHttpSessionConfiguration.class]: Invocation of init method failed; nested exception is org.springframework.data.redis.RedisConnectionFailureException: Cannot get Jedis connection; nested exception is redis.clients.jedis.exceptions.JedisConnectionException: Could not get a resource from the pool
	at org.springframework.beans.factory.support.AbstractAutowireCapableBeanFactory.initializeBean(AbstractAutowireCapableBeanFactory.java:1628)
	at org.springframework.beans.factory.support.AbstractAutowireCapableBeanFactory.doCreateBean(AbstractAutowireCapableBeanFactory.java:555)
	at org.springframework.beans.factory.support.AbstractAutowireCapableBeanFactory.createBean(AbstractAutowireCapableBeanFactory.java:483)
	at org.springframework.beans.factory.support.AbstractBeanFactory$1.getObject(AbstractBeanFactory.java:306)
	at org.springframework.beans.factory.support.DefaultSingletonBeanRegistry.getSingleton(DefaultSingletonBeanRegistry.java:230)
	at org.springframework.beans.factory.support.AbstractBeanFactory.doGetBean(AbstractBeanFactory.java:302)
	at org.springframework.beans.factory.support.AbstractBeanFactory.getBean(AbstractBeanFactory.java:197)
	at org.springframework.beans.factory.support.DefaultListableBeanFactory.preInstantiateSingletons(DefaultListableBeanFactory.java:761)
	at org.springframework.context.support.AbstractApplicationContext.finishBeanFactoryInitialization(AbstractApplicationContext.java:866)
	at org.springframework.context.support.AbstractApplicationContext.refresh(AbstractApplicationContext.java:542)
	at org.springframework.boot.context.embedded.EmbeddedWebApplicationContext.refresh(EmbeddedWebApplicationContext.java:122)
	at org.springframework.boot.SpringApplication.refresh(SpringApplication.java:737)
	at org.springframework.boot.SpringApplication.refreshContext(SpringApplication.java:370)
	at org.springframework.boot.SpringApplication.run(SpringApplication.java:314)
	at org.springframework.boot.SpringApplication.run(SpringApplication.java:1162)
	at org.springframework.boot.SpringApplication.run(SpringApplication.java:1151)
	at com.example.demo.DemoApplication.main(DemoApplication.java:31)
	at sun.reflect.NativeMethodAccessorImpl.invoke0(Native Method)
	at sun.reflect.NativeMethodAccessorImpl.invoke(NativeMethodAccessorImpl.java:57)
	at sun.reflect.DelegatingMethodAccessorImpl.invoke(DelegatingMethodAccessorImpl.java:43)
	at java.lang.reflect.Method.invoke(Method.java:601)
	at org.springframework.boot.devtools.restart.RestartLauncher.run(RestartLauncher.java:49)
Caused by: org.springframework.data.redis.RedisConnectionFailureException: Cannot get Jedis connection; nested exception is redis.clients.jedis.exceptions.JedisConnectionException: Could not get a resource from the pool
	at org.springframework.data.redis.connection.jedis.JedisConnectionFactory.fetchJedisConnector(JedisConnectionFactory.java:204)
	at org.springframework.data.redis.connection.jedis.JedisConnectionFactory.getConnection(JedisConnectionFactory.java:348)
	at org.springframework.session.data.redis.config.annotation.web.http.RedisHttpSessionConfiguration$EnableRedisKeyspaceNotificationsInitializer.afterPropertiesSet(RedisHttpSessionConfiguration.java:249)
	at org.springframework.beans.factory.support.AbstractAutowireCapableBeanFactory.invokeInitMethods(AbstractAutowireCapableBeanFactory.java:1687)
	at org.springframework.beans.factory.support.AbstractAutowireCapableBeanFactory.initializeBean(AbstractAutowireCapableBeanFactory.java:1624)
	... 21 more
Caused by: redis.clients.jedis.exceptions.JedisConnectionException: Could not get a resource from the pool
	at redis.clients.util.Pool.getResource(Pool.java:53)
	at redis.clients.jedis.JedisPool.getResource(JedisPool.java:226)
	at redis.clients.jedis.JedisPool.getResource(JedisPool.java:16)
	at org.springframework.data.redis.connection.jedis.JedisConnectionFactory.fetchJedisConnector(JedisConnectionFactory.java:194)
	... 25 more
Caused by: redis.clients.jedis.exceptions.JedisConnectionException: java.net.ConnectException: Connection refused: connect
	at redis.clients.jedis.Connection.connect(Connection.java:207)
	at redis.clients.jedis.BinaryClient.connect(BinaryClient.java:93)
	at redis.clients.jedis.BinaryJedis.connect(BinaryJedis.java:1767)
	at redis.clients.jedis.JedisFactory.makeObject(JedisFactory.java:106)
	at org.apache.commons.pool2.impl.GenericObjectPool.create(GenericObjectPool.java:868)
	at org.apache.commons.pool2.impl.GenericObjectPool.borrowObject(GenericObjectPool.java:435)
	at org.apache.commons.pool2.impl.GenericObjectPool.borrowObject(GenericObjectPool.java:363)
	at redis.clients.util.Pool.getResource(Pool.java:49)
	... 28 more
Caused by: java.net.ConnectException: Connection refused: connect
	at java.net.DualStackPlainSocketImpl.waitForConnect(Native Method)
	at java.net.DualStackPlainSocketImpl.socketConnect(DualStackPlainSocketImpl.java:75)
	at java.net.AbstractPlainSocketImpl.doConnect(AbstractPlainSocketImpl.java:339)
	at java.net.AbstractPlainSocketImpl.connectToAddress(AbstractPlainSocketImpl.java:200)
	at java.net.AbstractPlainSocketImpl.connect(AbstractPlainSocketImpl.java:182)
	at java.net.PlainSocketImpl.connect(PlainSocketImpl.java:157)
	at java.net.SocksSocketImpl.connect(SocksSocketImpl.java:391)
	at java.net.Socket.connect(Socket.java:579)
	at redis.clients.jedis.Connection.connect(Connection.java:184)
	... 35 more
2017-09-07 10:27:25,253  INFO DemoApplication:48 - Starting DemoApplication on jiazhijie5229 with PID 7832 (E:\ideaworkspace\spring-boot-demo\target\classes started by jiazhijie in E:\ideaworkspace\spring-boot-demo)
2017-09-07 10:27:25,269  INFO DemoApplication:637 - No active profile set, falling back to default profiles: default
2017-09-07 10:27:25,680  INFO AnnotationConfigEmbeddedWebApplicationContext:582 - Refreshing org.springframework.boot.context.embedded.AnnotationConfigEmbeddedWebApplicationContext@29b7458a: startup date [Thu Sep 07 10:27:25 CST 2017]; root of context hierarchy
2017-09-07 10:27:25,924  INFO Version:30 - HV000001: Hibernate Validator 5.3.5.Final
2017-09-07 10:27:28,891  INFO DefaultListableBeanFactory:828 - Overriding bean definition for bean 'managementServletContext' with a different definition: replacing [Root bean: class [null]; scope=; abstract=false; lazyInit=false; autowireMode=3; dependencyCheck=0; autowireCandidate=true; primary=false; factoryBeanName=org.springframework.boot.actuate.autoconfigure.EndpointWebMvcHypermediaManagementContextConfiguration; factoryMethodName=managementServletContext; initMethodName=null; destroyMethodName=(inferred); defined in class path resource [org/springframework/boot/actuate/autoconfigure/EndpointWebMvcHypermediaManagementContextConfiguration.class]] with [Root bean: class [null]; scope=; abstract=false; lazyInit=false; autowireMode=3; dependencyCheck=0; autowireCandidate=true; primary=false; factoryBeanName=org.springframework.boot.actuate.autoconfigure.EndpointWebMvcAutoConfiguration; factoryMethodName=managementServletContext; initMethodName=null; destroyMethodName=(inferred); defined in class path resource [org/springframework/boot/actuate/autoconfigure/EndpointWebMvcAutoConfiguration.class]]
2017-09-07 10:27:28,938  INFO RepositoryConfigurationDelegate:165 - Multiple Spring Data modules found, entering strict repository configuration mode!
2017-09-07 10:27:29,016  INFO RepositoryConfigurationDelegate:165 - Multiple Spring Data modules found, entering strict repository configuration mode!
2017-09-07 10:27:29,922  INFO AutowiredAnnotationBeanPostProcessor:155 - JSR-330 'javax.inject.Inject' annotation found and supported for autowiring
2017-09-07 10:27:29,954  WARN ConfigurationPropertiesBindingPostProcessor:268 - Multiple PropertySourcesPlaceholderConfigurer beans registered [propertySourcesPlaceholderConfigurer, swaggerProperties], falling back to Environment
2017-09-07 10:27:30,141  INFO PostProcessorRegistrationDelegate$BeanPostProcessorChecker:325 - Bean 'org.springframework.amqp.rabbit.annotation.RabbitBootstrapConfiguration' of type [org.springframework.amqp.rabbit.annotation.RabbitBootstrapConfiguration$$EnhancerBySpringCGLIB$$598e4167] is not eligible for getting processed by all BeanPostProcessors (for example: not eligible for auto-proxying)
2017-09-07 10:27:30,329  INFO PostProcessorRegistrationDelegate$BeanPostProcessorChecker:325 - Bean 'org.springframework.transaction.annotation.ProxyTransactionManagementConfiguration' of type [org.springframework.transaction.annotation.ProxyTransactionManagementConfiguration$$EnhancerBySpringCGLIB$$93228339] is not eligible for getting processed by all BeanPostProcessors (for example: not eligible for auto-proxying)
2017-09-07 10:27:30,532  INFO PostProcessorRegistrationDelegate$BeanPostProcessorChecker:325 - Bean 'redisCacheConfig' of type [com.example.demo.config.RedisCacheConfig] is not eligible for getting processed by all BeanPostProcessors (for example: not eligible for auto-proxying)
2017-09-07 10:27:30,547  INFO PostProcessorRegistrationDelegate$BeanPostProcessorChecker:325 - Bean 'org.springframework.cache.annotation.ProxyCachingConfiguration' of type [org.springframework.cache.annotation.ProxyCachingConfiguration$$EnhancerBySpringCGLIB$$dc34b957] is not eligible for getting processed by all BeanPostProcessors (for example: not eligible for auto-proxying)
2017-09-07 10:27:30,579  INFO PostProcessorRegistrationDelegate$BeanPostProcessorChecker:325 - Bean 'org.springframework.statemachine.config.configuration.StateMachineAnnotationPostProcessorConfiguration' of type [org.springframework.statemachine.config.configuration.StateMachineAnnotationPostProcessorConfiguration$$EnhancerBySpringCGLIB$$eeb6993a] is not eligible for getting processed by all BeanPostProcessors (for example: not eligible for auto-proxying)
2017-09-07 10:27:31,387  INFO TomcatEmbeddedServletContainer:89 - Tomcat initialized with port(s): 8080 (http)
2017-09-07 10:27:32,342  INFO ContextLoader:276 - Root WebApplicationContext: initialization completed in 6670 ms
2017-09-07 10:27:33,811  INFO ServletRegistrationBean:190 - Mapping servlet: 'dispatcherServlet' to [/]
2017-09-07 10:27:33,811  INFO FilterRegistrationBean:258 - Mapping filter: 'metricsFilter' to: [/*]
2017-09-07 10:27:33,811  INFO FilterRegistrationBean:258 - Mapping filter: 'characterEncodingFilter' to: [/*]
2017-09-07 10:27:33,811  INFO FilterRegistrationBean:258 - Mapping filter: 'springSessionRepositoryFilter' to: [/*]
2017-09-07 10:27:33,811  INFO FilterRegistrationBean:258 - Mapping filter: 'hiddenHttpMethodFilter' to: [/*]
2017-09-07 10:27:33,811  INFO FilterRegistrationBean:258 - Mapping filter: 'httpPutFormContentFilter' to: [/*]
2017-09-07 10:27:33,811  INFO FilterRegistrationBean:258 - Mapping filter: 'requestContextFilter' to: [/*]
2017-09-07 10:27:33,811  INFO FilterRegistrationBean:258 - Mapping filter: 'webRequestLoggingFilter' to: [/*]
2017-09-07 10:27:33,811  INFO FilterRegistrationBean:258 - Mapping filter: 'applicationContextIdFilter' to: [/*]
2017-09-07 10:27:34,608  INFO LocalContainerEntityManagerFactoryBean:349 - Building JPA container EntityManagerFactory for persistence unit 'default'
2017-09-07 10:27:34,640  INFO LogHelper:31 - HHH000204: Processing PersistenceUnitInfo [
	name: default
	...]
2017-09-07 10:27:34,718  INFO Version:37 - HHH000412: Hibernate Core {5.0.12.Final}
2017-09-07 10:27:34,718  INFO Environment:213 - HHH000206: hibernate.properties not found
2017-09-07 10:27:34,733  INFO Environment:317 - HHH000021: Bytecode provider name : javassist
2017-09-07 10:27:34,796  INFO Version:66 - HCANN000001: Hibernate Commons Annotations {5.0.1.Final}
2017-09-07 10:27:35,343  INFO Dialect:156 - HHH000400: Using dialect: org.hibernate.dialect.MySQL5Dialect
2017-09-07 10:27:35,703  INFO SchemaUpdate:105 - HHH000228: Running hbm2ddl schema update
2017-09-07 10:27:35,885  INFO LocalContainerEntityManagerFactoryBean:379 - Initialized JPA EntityManagerFactory for persistence unit 'default'
2017-09-07 10:27:37,979  INFO CglibAopProxy:274 - Method [java.util.List springfox.documentation.schema.property.OptimizedModelPropertiesProvider.candidateProperties(com.fasterxml.classmate.ResolvedType,com.fasterxml.jackson.databind.introspect.AnnotatedMember,com.fasterxml.jackson.databind.introspect.BeanPropertyDefinition,springfox.documentation.spi.schema.contexts.ModelContext)] is package-visible across different ClassLoaders and cannot get proxied via CGLIB: Declare this method as public or protected if you need to support invocations through the proxy.
2017-09-07 10:27:38,823  INFO RequestMappingHandlerMapping:543 - Mapped "{[/index]}" onto public org.springframework.web.servlet.ModelAndView com.example.demo.Controller.HelloController.index()
2017-09-07 10:27:38,839  INFO RequestMappingHandlerMapping:543 - Mapped "{[/json]}" onto public java.lang.String com.example.demo.Controller.HelloController.json() throws com.example.demo.exception.MyException
2017-09-07 10:27:38,839  INFO RequestMappingHandlerMapping:543 - Mapped "{[/send]}" onto public java.lang.String com.example.demo.Controller.HelloController.send()
2017-09-07 10:27:38,839  INFO RequestMappingHandlerMapping:543 - Mapped "{[/hello]}" onto public java.lang.String com.example.demo.Controller.HelloController.hello()
2017-09-07 10:27:38,839  INFO RequestMappingHandlerMapping:543 - Mapped "{[/]}" onto public java.lang.String com.example.demo.Controller.LoginController.index()
2017-09-07 10:27:38,839  INFO RequestMappingHandlerMapping:543 - Mapped "{[/login],methods=[POST]}" onto public java.lang.String com.example.demo.Controller.LoginController.login(java.lang.String,java.lang.String,boolean)
2017-09-07 10:27:38,839  INFO RequestMappingHandlerMapping:543 - Mapped "{[/login]}" onto public java.lang.String com.example.demo.Controller.LoginController.login(org.springframework.ui.ModelMap)
2017-09-07 10:27:38,839  INFO RequestMappingHandlerMapping:543 - Mapped "{[/user/hello1],methods=[GET]}" onto public java.lang.String com.example.demo.Controller.UserController.hello1(javax.servlet.http.HttpServletRequest)
2017-09-07 10:27:38,839  INFO RequestMappingHandlerMapping:543 - Mapped "{[/user/getdd],methods=[GET]}" onto public java.lang.String com.example.demo.Controller.UserController.getDownload() throws java.io.IOException
2017-09-07 10:27:38,839  INFO RequestMappingHandlerMapping:543 - Mapped "{[/user/hb],methods=[GET]}" onto public java.lang.String com.example.demo.Controller.UserController.hbaseTest()
2017-09-07 10:27:38,839  INFO RequestMappingHandlerMapping:543 - Mapped "{[/user/hello],methods=[GET]}" onto public java.lang.String com.example.demo.Controller.UserController.hello(javax.servlet.http.HttpServletRequest)
2017-09-07 10:27:38,839  INFO RequestMappingHandlerMapping:543 - Mapped "{[/user/upload],methods=[POST],consumes=[multipart/form-data]}" onto public java.lang.String com.example.demo.Controller.UserController.handleFileUpload(java.lang.String,org.springframework.web.multipart.MultipartFile)
2017-09-07 10:27:38,839  INFO RequestMappingHandlerMapping:543 - Mapped "{[/v2/api-docs],methods=[GET]}" onto public org.springframework.http.ResponseEntity<springfox.documentation.spring.web.json.Json> springfox.documentation.swagger2.web.Swagger2Controller.getDocumentation(java.lang.String)
2017-09-07 10:27:38,854  INFO RequestMappingHandlerMapping:543 - Mapped "{[/configuration/ui]}" onto org.springframework.http.ResponseEntity<springfox.documentation.swagger.web.UiConfiguration> springfox.documentation.swagger.web.ApiResourceController.uiConfiguration()
2017-09-07 10:27:38,854  INFO RequestMappingHandlerMapping:543 - Mapped "{[/configuration/security]}" onto org.springframework.http.ResponseEntity<springfox.documentation.swagger.web.SecurityConfiguration> springfox.documentation.swagger.web.ApiResourceController.securityConfiguration()
2017-09-07 10:27:38,854  INFO RequestMappingHandlerMapping:543 - Mapped "{[/swagger-resources]}" onto org.springframework.http.ResponseEntity<java.util.List<springfox.documentation.swagger.web.SwaggerResource>> springfox.documentation.swagger.web.ApiResourceController.swaggerResources()
2017-09-07 10:27:38,870  INFO RequestMappingHandlerMapping:543 - Mapped "{[/error]}" onto public org.springframework.http.ResponseEntity<java.util.Map<java.lang.String, java.lang.Object>> org.springframework.boot.autoconfigure.web.BasicErrorController.error(javax.servlet.http.HttpServletRequest)
2017-09-07 10:27:38,870  INFO RequestMappingHandlerMapping:543 - Mapped "{[/error],produces=[text/html]}" onto public org.springframework.web.servlet.ModelAndView org.springframework.boot.autoconfigure.web.BasicErrorController.errorHtml(javax.servlet.http.HttpServletRequest,javax.servlet.http.HttpServletResponse)
2017-09-07 10:27:39,842  INFO EndpointHandlerMapping:543 - Mapped "{[/configprops || /configprops.json],methods=[GET],produces=[application/vnd.spring-boot.actuator.v1+json || application/json]}" onto public java.lang.Object org.springframework.boot.actuate.endpoint.mvc.EndpointMvcAdapter.invoke()
2017-09-07 10:27:39,842  INFO EndpointHandlerMapping:543 - Mapped "{[/dump || /dump.json],methods=[GET],produces=[application/vnd.spring-boot.actuator.v1+json || application/json]}" onto public java.lang.Object org.springframework.boot.actuate.endpoint.mvc.EndpointMvcAdapter.invoke()
2017-09-07 10:27:39,857  INFO EndpointHandlerMapping:543 - Mapped "{[/loggers/{name:.*}],methods=[GET],produces=[application/vnd.spring-boot.actuator.v1+json || application/json]}" onto public java.lang.Object org.springframework.boot.actuate.endpoint.mvc.LoggersMvcEndpoint.get(java.lang.String)
2017-09-07 10:27:39,857  INFO EndpointHandlerMapping:543 - Mapped "{[/loggers/{name:.*}],methods=[POST],consumes=[application/vnd.spring-boot.actuator.v1+json || application/json],produces=[application/vnd.spring-boot.actuator.v1+json || application/json]}" onto public java.lang.Object org.springframework.boot.actuate.endpoint.mvc.LoggersMvcEndpoint.set(java.lang.String,java.util.Map<java.lang.String, java.lang.String>)
2017-09-07 10:27:39,857  INFO EndpointHandlerMapping:543 - Mapped "{[/loggers || /loggers.json],methods=[GET],produces=[application/vnd.spring-boot.actuator.v1+json || application/json]}" onto public java.lang.Object org.springframework.boot.actuate.endpoint.mvc.EndpointMvcAdapter.invoke()
2017-09-07 10:27:39,857  INFO EndpointHandlerMapping:543 - Mapped "{[/mappings || /mappings.json],methods=[GET],produces=[application/vnd.spring-boot.actuator.v1+json || application/json]}" onto public java.lang.Object org.springframework.boot.actuate.endpoint.mvc.EndpointMvcAdapter.invoke()
2017-09-07 10:27:39,873  INFO EndpointHandlerMapping:543 - Mapped "{[/shutdown || /shutdown.json],methods=[POST],produces=[application/vnd.spring-boot.actuator.v1+json || application/json]}" onto public java.lang.Object org.springframework.boot.actuate.endpoint.mvc.ShutdownMvcEndpoint.invoke()
2017-09-07 10:27:39,873  INFO EndpointHandlerMapping:543 - Mapped "{[/heapdump || /heapdump.json],methods=[GET],produces=[application/octet-stream]}" onto public void org.springframework.boot.actuate.endpoint.mvc.HeapdumpMvcEndpoint.invoke(boolean,javax.servlet.http.HttpServletRequest,javax.servlet.http.HttpServletResponse) throws java.io.IOException,javax.servlet.ServletException
2017-09-07 10:27:39,873  INFO EndpointHandlerMapping:543 - Mapped "{[/metrics/{name:.*}],methods=[GET],produces=[application/vnd.spring-boot.actuator.v1+json || application/json]}" onto public java.lang.Object org.springframework.boot.actuate.endpoint.mvc.MetricsMvcEndpoint.value(java.lang.String)
2017-09-07 10:27:39,873  INFO EndpointHandlerMapping:543 - Mapped "{[/metrics || /metrics.json],methods=[GET],produces=[application/vnd.spring-boot.actuator.v1+json || application/json]}" onto public java.lang.Object org.springframework.boot.actuate.endpoint.mvc.EndpointMvcAdapter.invoke()
2017-09-07 10:27:39,873  INFO EndpointHandlerMapping:543 - Mapped "{[/env/{name:.*}],methods=[GET],produces=[application/vnd.spring-boot.actuator.v1+json || application/json]}" onto public java.lang.Object org.springframework.boot.actuate.endpoint.mvc.EnvironmentMvcEndpoint.value(java.lang.String)
2017-09-07 10:27:39,873  INFO EndpointHandlerMapping:543 - Mapped "{[/env || /env.json],methods=[GET],produces=[application/vnd.spring-boot.actuator.v1+json || application/json]}" onto public java.lang.Object org.springframework.boot.actuate.endpoint.mvc.EndpointMvcAdapter.invoke()
2017-09-07 10:27:39,873  INFO EndpointHandlerMapping:543 - Mapped "{[/actuator || /actuator.json],methods=[GET],produces=[application/vnd.spring-boot.actuator.v1+json || application/json]}" onto public org.springframework.hateoas.ResourceSupport org.springframework.boot.actuate.endpoint.mvc.HalJsonMvcEndpoint.links()
2017-09-07 10:27:39,889  INFO EndpointHandlerMapping:543 - Mapped "{[/autoconfig || /autoconfig.json],methods=[GET],produces=[application/vnd.spring-boot.actuator.v1+json || application/json]}" onto public java.lang.Object org.springframework.boot.actuate.endpoint.mvc.EndpointMvcAdapter.invoke()
2017-09-07 10:27:39,889  INFO EndpointHandlerMapping:543 - Mapped "{[/auditevents || /auditevents.json],methods=[GET],produces=[application/vnd.spring-boot.actuator.v1+json || application/json]}" onto public org.springframework.http.ResponseEntity<?> org.springframework.boot.actuate.endpoint.mvc.AuditEventsMvcEndpoint.findByPrincipalAndAfterAndType(java.lang.String,java.util.Date,java.lang.String)
2017-09-07 10:27:39,889  INFO EndpointHandlerMapping:543 - Mapped "{[/info || /info.json],methods=[GET],produces=[application/vnd.spring-boot.actuator.v1+json || application/json]}" onto public java.lang.Object org.springframework.boot.actuate.endpoint.mvc.EndpointMvcAdapter.invoke()
2017-09-07 10:27:39,889  INFO EndpointHandlerMapping:543 - Mapped "{[/trace || /trace.json],methods=[GET],produces=[application/vnd.spring-boot.actuator.v1+json || application/json]}" onto public java.lang.Object org.springframework.boot.actuate.endpoint.mvc.EndpointMvcAdapter.invoke()
2017-09-07 10:27:39,889  INFO EndpointHandlerMapping:543 - Mapped "{[/beans || /beans.json],methods=[GET],produces=[application/vnd.spring-boot.actuator.v1+json || application/json]}" onto public java.lang.Object org.springframework.boot.actuate.endpoint.mvc.EndpointMvcAdapter.invoke()
2017-09-07 10:27:39,889  INFO EndpointHandlerMapping:543 - Mapped "{[/servertime || /servertime.json],methods=[GET],produces=[application/vnd.spring-boot.actuator.v1+json || application/json]}" onto public java.lang.Object org.springframework.boot.actuate.endpoint.mvc.EndpointMvcAdapter.invoke()
2017-09-07 10:27:39,889  INFO EndpointHandlerMapping:543 - Mapped "{[/health || /health.json],methods=[GET],produces=[application/vnd.spring-boot.actuator.v1+json || application/json]}" onto public java.lang.Object org.springframework.boot.actuate.endpoint.mvc.HealthMvcEndpoint.invoke(javax.servlet.http.HttpServletRequest,java.security.Principal)
2017-09-07 10:27:41,264  WARN AnnotationConfigEmbeddedWebApplicationContext:550 - Exception encountered during context initialization - cancelling refresh attempt: org.springframework.beans.factory.BeanCreationException: Error creating bean with name 'enableRedisKeyspaceNotificationsInitializer' defined in class path resource [org/springframework/session/data/redis/config/annotation/web/http/RedisHttpSessionConfiguration.class]: Invocation of init method failed; nested exception is org.springframework.data.redis.RedisConnectionFailureException: Cannot get Jedis connection; nested exception is redis.clients.jedis.exceptions.JedisConnectionException: Could not get a resource from the pool
2017-09-07 10:27:41,264  INFO LocalContainerEntityManagerFactoryBean:548 - Closing JPA EntityManagerFactory for persistence unit 'default'
2017-09-07 10:27:41,295  INFO AutoConfigurationReportLoggingInitializer:101 - 

Error starting ApplicationContext. To display the auto-configuration report re-run your application with 'debug' enabled.
2017-09-07 10:27:41,326 ERROR SpringApplication:815 - Application startup failed
org.springframework.beans.factory.BeanCreationException: Error creating bean with name 'enableRedisKeyspaceNotificationsInitializer' defined in class path resource [org/springframework/session/data/redis/config/annotation/web/http/RedisHttpSessionConfiguration.class]: Invocation of init method failed; nested exception is org.springframework.data.redis.RedisConnectionFailureException: Cannot get Jedis connection; nested exception is redis.clients.jedis.exceptions.JedisConnectionException: Could not get a resource from the pool
	at org.springframework.beans.factory.support.AbstractAutowireCapableBeanFactory.initializeBean(AbstractAutowireCapableBeanFactory.java:1628)
	at org.springframework.beans.factory.support.AbstractAutowireCapableBeanFactory.doCreateBean(AbstractAutowireCapableBeanFactory.java:555)
	at org.springframework.beans.factory.support.AbstractAutowireCapableBeanFactory.createBean(AbstractAutowireCapableBeanFactory.java:483)
	at org.springframework.beans.factory.support.AbstractBeanFactory$1.getObject(AbstractBeanFactory.java:306)
	at org.springframework.beans.factory.support.DefaultSingletonBeanRegistry.getSingleton(DefaultSingletonBeanRegistry.java:230)
	at org.springframework.beans.factory.support.AbstractBeanFactory.doGetBean(AbstractBeanFactory.java:302)
	at org.springframework.beans.factory.support.AbstractBeanFactory.getBean(AbstractBeanFactory.java:197)
	at org.springframework.beans.factory.support.DefaultListableBeanFactory.preInstantiateSingletons(DefaultListableBeanFactory.java:761)
	at org.springframework.context.support.AbstractApplicationContext.finishBeanFactoryInitialization(AbstractApplicationContext.java:866)
	at org.springframework.context.support.AbstractApplicationContext.refresh(AbstractApplicationContext.java:542)
	at org.springframework.boot.context.embedded.EmbeddedWebApplicationContext.refresh(EmbeddedWebApplicationContext.java:122)
	at org.springframework.boot.SpringApplication.refresh(SpringApplication.java:737)
	at org.springframework.boot.SpringApplication.refreshContext(SpringApplication.java:370)
	at org.springframework.boot.SpringApplication.run(SpringApplication.java:314)
	at org.springframework.boot.SpringApplication.run(SpringApplication.java:1162)
	at org.springframework.boot.SpringApplication.run(SpringApplication.java:1151)
	at com.example.demo.DemoApplication.main(DemoApplication.java:31)
	at sun.reflect.NativeMethodAccessorImpl.invoke0(Native Method)
	at sun.reflect.NativeMethodAccessorImpl.invoke(NativeMethodAccessorImpl.java:57)
	at sun.reflect.DelegatingMethodAccessorImpl.invoke(DelegatingMethodAccessorImpl.java:43)
	at java.lang.reflect.Method.invoke(Method.java:601)
	at org.springframework.boot.devtools.restart.RestartLauncher.run(RestartLauncher.java:49)
Caused by: org.springframework.data.redis.RedisConnectionFailureException: Cannot get Jedis connection; nested exception is redis.clients.jedis.exceptions.JedisConnectionException: Could not get a resource from the pool
	at org.springframework.data.redis.connection.jedis.JedisConnectionFactory.fetchJedisConnector(JedisConnectionFactory.java:204)
	at org.springframework.data.redis.connection.jedis.JedisConnectionFactory.getConnection(JedisConnectionFactory.java:348)
	at org.springframework.session.data.redis.config.annotation.web.http.RedisHttpSessionConfiguration$EnableRedisKeyspaceNotificationsInitializer.afterPropertiesSet(RedisHttpSessionConfiguration.java:249)
	at org.springframework.beans.factory.support.AbstractAutowireCapableBeanFactory.invokeInitMethods(AbstractAutowireCapableBeanFactory.java:1687)
	at org.springframework.beans.factory.support.AbstractAutowireCapableBeanFactory.initializeBean(AbstractAutowireCapableBeanFactory.java:1624)
	... 21 more
Caused by: redis.clients.jedis.exceptions.JedisConnectionException: Could not get a resource from the pool
	at redis.clients.util.Pool.getResource(Pool.java:53)
	at redis.clients.jedis.JedisPool.getResource(JedisPool.java:226)
	at redis.clients.jedis.JedisPool.getResource(JedisPool.java:16)
	at org.springframework.data.redis.connection.jedis.JedisConnectionFactory.fetchJedisConnector(JedisConnectionFactory.java:194)
	... 25 more
Caused by: redis.clients.jedis.exceptions.JedisConnectionException: java.net.ConnectException: Connection refused: connect
	at redis.clients.jedis.Connection.connect(Connection.java:207)
	at redis.clients.jedis.BinaryClient.connect(BinaryClient.java:93)
	at redis.clients.jedis.BinaryJedis.connect(BinaryJedis.java:1767)
	at redis.clients.jedis.JedisFactory.makeObject(JedisFactory.java:106)
	at org.apache.commons.pool2.impl.GenericObjectPool.create(GenericObjectPool.java:868)
	at org.apache.commons.pool2.impl.GenericObjectPool.borrowObject(GenericObjectPool.java:435)
	at org.apache.commons.pool2.impl.GenericObjectPool.borrowObject(GenericObjectPool.java:363)
	at redis.clients.util.Pool.getResource(Pool.java:49)
	... 28 more
Caused by: java.net.ConnectException: Connection refused: connect
	at java.net.DualStackPlainSocketImpl.waitForConnect(Native Method)
	at java.net.DualStackPlainSocketImpl.socketConnect(DualStackPlainSocketImpl.java:75)
	at java.net.AbstractPlainSocketImpl.doConnect(AbstractPlainSocketImpl.java:339)
	at java.net.AbstractPlainSocketImpl.connectToAddress(AbstractPlainSocketImpl.java:200)
	at java.net.AbstractPlainSocketImpl.connect(AbstractPlainSocketImpl.java:182)
	at java.net.PlainSocketImpl.connect(PlainSocketImpl.java:157)
	at java.net.SocksSocketImpl.connect(SocksSocketImpl.java:391)
	at java.net.Socket.connect(Socket.java:579)
	at redis.clients.jedis.Connection.connect(Connection.java:184)
	... 35 more
2017-09-07 10:29:02,586  INFO DemoApplication:48 - Starting DemoApplication on jiazhijie5229 with PID 18228 (E:\ideaworkspace\spring-boot-demo\target\classes started by jiazhijie in E:\ideaworkspace\spring-boot-demo)
2017-09-07 10:29:02,586  INFO DemoApplication:637 - No active profile set, falling back to default profiles: default
2017-09-07 10:29:02,852  INFO AnnotationConfigEmbeddedWebApplicationContext:582 - Refreshing org.springframework.boot.context.embedded.AnnotationConfigEmbeddedWebApplicationContext@2d8ca1e3: startup date [Thu Sep 07 10:29:02 CST 2017]; root of context hierarchy
2017-09-07 10:29:03,024  INFO Version:30 - HV000001: Hibernate Validator 5.3.5.Final
2017-09-07 10:29:05,259  INFO DefaultListableBeanFactory:828 - Overriding bean definition for bean 'managementServletContext' with a different definition: replacing [Root bean: class [null]; scope=; abstract=false; lazyInit=false; autowireMode=3; dependencyCheck=0; autowireCandidate=true; primary=false; factoryBeanName=org.springframework.boot.actuate.autoconfigure.EndpointWebMvcHypermediaManagementContextConfiguration; factoryMethodName=managementServletContext; initMethodName=null; destroyMethodName=(inferred); defined in class path resource [org/springframework/boot/actuate/autoconfigure/EndpointWebMvcHypermediaManagementContextConfiguration.class]] with [Root bean: class [null]; scope=; abstract=false; lazyInit=false; autowireMode=3; dependencyCheck=0; autowireCandidate=true; primary=false; factoryBeanName=org.springframework.boot.actuate.autoconfigure.EndpointWebMvcAutoConfiguration; factoryMethodName=managementServletContext; initMethodName=null; destroyMethodName=(inferred); defined in class path resource [org/springframework/boot/actuate/autoconfigure/EndpointWebMvcAutoConfiguration.class]]
2017-09-07 10:29:05,305  INFO RepositoryConfigurationDelegate:165 - Multiple Spring Data modules found, entering strict repository configuration mode!
2017-09-07 10:29:05,368  INFO RepositoryConfigurationDelegate:165 - Multiple Spring Data modules found, entering strict repository configuration mode!
2017-09-07 10:29:06,196  INFO AutowiredAnnotationBeanPostProcessor:155 - JSR-330 'javax.inject.Inject' annotation found and supported for autowiring
2017-09-07 10:29:06,368  INFO PostProcessorRegistrationDelegate$BeanPostProcessorChecker:325 - Bean 'org.springframework.amqp.rabbit.annotation.RabbitBootstrapConfiguration' of type [org.springframework.amqp.rabbit.annotation.RabbitBootstrapConfiguration$$EnhancerBySpringCGLIB$$7ee491de] is not eligible for getting processed by all BeanPostProcessors (for example: not eligible for auto-proxying)
2017-09-07 10:29:06,540  INFO PostProcessorRegistrationDelegate$BeanPostProcessorChecker:325 - Bean 'org.springframework.transaction.annotation.ProxyTransactionManagementConfiguration' of type [org.springframework.transaction.annotation.ProxyTransactionManagementConfiguration$$EnhancerBySpringCGLIB$$b878d3b0] is not eligible for getting processed by all BeanPostProcessors (for example: not eligible for auto-proxying)
2017-09-07 10:29:06,681  INFO PostProcessorRegistrationDelegate$BeanPostProcessorChecker:325 - Bean 'org.springframework.statemachine.config.configuration.StateMachineAnnotationPostProcessorConfiguration' of type [org.springframework.statemachine.config.configuration.StateMachineAnnotationPostProcessorConfiguration$$EnhancerBySpringCGLIB$$140ce9b1] is not eligible for getting processed by all BeanPostProcessors (for example: not eligible for auto-proxying)
2017-09-07 10:29:07,295  INFO TomcatEmbeddedServletContainer:89 - Tomcat initialized with port(s): 8080 (http)
2017-09-07 10:29:07,936  INFO ContextLoader:276 - Root WebApplicationContext: initialization completed in 5084 ms
2017-09-07 10:29:08,498  INFO ServletRegistrationBean:190 - Mapping servlet: 'dispatcherServlet' to [/]
2017-09-07 10:29:08,498  INFO FilterRegistrationBean:258 - Mapping filter: 'metricsFilter' to: [/*]
2017-09-07 10:29:08,498  INFO FilterRegistrationBean:258 - Mapping filter: 'characterEncodingFilter' to: [/*]
2017-09-07 10:29:08,498  INFO FilterRegistrationBean:258 - Mapping filter: 'hiddenHttpMethodFilter' to: [/*]
2017-09-07 10:29:08,498  INFO FilterRegistrationBean:258 - Mapping filter: 'httpPutFormContentFilter' to: [/*]
2017-09-07 10:29:08,498  INFO FilterRegistrationBean:258 - Mapping filter: 'requestContextFilter' to: [/*]
2017-09-07 10:29:08,498  INFO FilterRegistrationBean:258 - Mapping filter: 'webRequestLoggingFilter' to: [/*]
2017-09-07 10:29:08,498  INFO FilterRegistrationBean:258 - Mapping filter: 'applicationContextIdFilter' to: [/*]
2017-09-07 10:29:09,061  INFO LocalContainerEntityManagerFactoryBean:349 - Building JPA container EntityManagerFactory for persistence unit 'default'
2017-09-07 10:29:09,077  INFO LogHelper:31 - HHH000204: Processing PersistenceUnitInfo [
	name: default
	...]
2017-09-07 10:29:09,155  INFO Version:37 - HHH000412: Hibernate Core {5.0.12.Final}
2017-09-07 10:29:09,170  INFO Environment:213 - HHH000206: hibernate.properties not found
2017-09-07 10:29:09,170  INFO Environment:317 - HHH000021: Bytecode provider name : javassist
2017-09-07 10:29:09,233  INFO Version:66 - HCANN000001: Hibernate Commons Annotations {5.0.1.Final}
2017-09-07 10:29:09,759  INFO Dialect:156 - HHH000400: Using dialect: org.hibernate.dialect.MySQL5Dialect
2017-09-07 10:29:10,040  INFO SchemaUpdate:105 - HHH000228: Running hbm2ddl schema update
2017-09-07 10:29:10,181  INFO LocalContainerEntityManagerFactoryBean:379 - Initialized JPA EntityManagerFactory for persistence unit 'default'
2017-09-07 10:29:12,056  INFO CglibAopProxy:274 - Method [java.util.List springfox.documentation.schema.property.OptimizedModelPropertiesProvider.candidateProperties(com.fasterxml.classmate.ResolvedType,com.fasterxml.jackson.databind.introspect.AnnotatedMember,com.fasterxml.jackson.databind.introspect.BeanPropertyDefinition,springfox.documentation.spi.schema.contexts.ModelContext)] is package-visible across different ClassLoaders and cannot get proxied via CGLIB: Declare this method as public or protected if you need to support invocations through the proxy.
2017-09-07 10:29:12,997  INFO RequestMappingHandlerMapping:543 - Mapped "{[/index]}" onto public org.springframework.web.servlet.ModelAndView com.example.demo.Controller.HelloController.index()
2017-09-07 10:29:12,998  INFO RequestMappingHandlerMapping:543 - Mapped "{[/json]}" onto public java.lang.String com.example.demo.Controller.HelloController.json() throws com.example.demo.exception.MyException
2017-09-07 10:29:12,999  INFO RequestMappingHandlerMapping:543 - Mapped "{[/hello]}" onto public java.lang.String com.example.demo.Controller.HelloController.hello()
2017-09-07 10:29:12,999  INFO RequestMappingHandlerMapping:543 - Mapped "{[/send]}" onto public java.lang.String com.example.demo.Controller.HelloController.send()
2017-09-07 10:29:13,000  INFO RequestMappingHandlerMapping:543 - Mapped "{[/]}" onto public java.lang.String com.example.demo.Controller.LoginController.index()
2017-09-07 10:29:13,001  INFO RequestMappingHandlerMapping:543 - Mapped "{[/login],methods=[POST]}" onto public java.lang.String com.example.demo.Controller.LoginController.login(java.lang.String,java.lang.String,boolean)
2017-09-07 10:29:13,001  INFO RequestMappingHandlerMapping:543 - Mapped "{[/login]}" onto public java.lang.String com.example.demo.Controller.LoginController.login(org.springframework.ui.ModelMap)
2017-09-07 10:29:13,008  INFO RequestMappingHandlerMapping:543 - Mapped "{[/user/hb],methods=[GET]}" onto public java.lang.String com.example.demo.Controller.UserController.hbaseTest()
2017-09-07 10:29:13,009  INFO RequestMappingHandlerMapping:543 - Mapped "{[/user/getdd],methods=[GET]}" onto public java.lang.String com.example.demo.Controller.UserController.getDownload() throws java.io.IOException
2017-09-07 10:29:13,009  INFO RequestMappingHandlerMapping:543 - Mapped "{[/user/hello],methods=[GET]}" onto public java.lang.String com.example.demo.Controller.UserController.hello(javax.servlet.http.HttpServletRequest)
2017-09-07 10:29:13,010  INFO RequestMappingHandlerMapping:543 - Mapped "{[/user/hello1],methods=[GET]}" onto public java.lang.String com.example.demo.Controller.UserController.hello1(javax.servlet.http.HttpServletRequest)
2017-09-07 10:29:13,010  INFO RequestMappingHandlerMapping:543 - Mapped "{[/user/upload],methods=[POST],consumes=[multipart/form-data]}" onto public java.lang.String com.example.demo.Controller.UserController.handleFileUpload(java.lang.String,org.springframework.web.multipart.MultipartFile)
2017-09-07 10:29:13,012  INFO RequestMappingHandlerMapping:543 - Mapped "{[/v2/api-docs],methods=[GET]}" onto public org.springframework.http.ResponseEntity<springfox.documentation.spring.web.json.Json> springfox.documentation.swagger2.web.Swagger2Controller.getDocumentation(java.lang.String)
2017-09-07 10:29:13,016  INFO RequestMappingHandlerMapping:543 - Mapped "{[/configuration/ui]}" onto org.springframework.http.ResponseEntity<springfox.documentation.swagger.web.UiConfiguration> springfox.documentation.swagger.web.ApiResourceController.uiConfiguration()
2017-09-07 10:29:13,017  INFO RequestMappingHandlerMapping:543 - Mapped "{[/configuration/security]}" onto org.springframework.http.ResponseEntity<springfox.documentation.swagger.web.SecurityConfiguration> springfox.documentation.swagger.web.ApiResourceController.securityConfiguration()
2017-09-07 10:29:13,018  INFO RequestMappingHandlerMapping:543 - Mapped "{[/swagger-resources]}" onto org.springframework.http.ResponseEntity<java.util.List<springfox.documentation.swagger.web.SwaggerResource>> springfox.documentation.swagger.web.ApiResourceController.swaggerResources()
2017-09-07 10:29:13,031  INFO RequestMappingHandlerMapping:543 - Mapped "{[/error]}" onto public org.springframework.http.ResponseEntity<java.util.Map<java.lang.String, java.lang.Object>> org.springframework.boot.autoconfigure.web.BasicErrorController.error(javax.servlet.http.HttpServletRequest)
2017-09-07 10:29:13,032  INFO RequestMappingHandlerMapping:543 - Mapped "{[/error],produces=[text/html]}" onto public org.springframework.web.servlet.ModelAndView org.springframework.boot.autoconfigure.web.BasicErrorController.errorHtml(javax.servlet.http.HttpServletRequest,javax.servlet.http.HttpServletResponse)
2017-09-07 10:29:13,825  INFO EndpointHandlerMapping:543 - Mapped "{[/info || /info.json],methods=[GET],produces=[application/vnd.spring-boot.actuator.v1+json || application/json]}" onto public java.lang.Object org.springframework.boot.actuate.endpoint.mvc.EndpointMvcAdapter.invoke()
2017-09-07 10:29:13,825  INFO EndpointHandlerMapping:543 - Mapped "{[/loggers/{name:.*}],methods=[GET],produces=[application/vnd.spring-boot.actuator.v1+json || application/json]}" onto public java.lang.Object org.springframework.boot.actuate.endpoint.mvc.LoggersMvcEndpoint.get(java.lang.String)
2017-09-07 10:29:13,841  INFO EndpointHandlerMapping:543 - Mapped "{[/loggers/{name:.*}],methods=[POST],consumes=[application/vnd.spring-boot.actuator.v1+json || application/json],produces=[application/vnd.spring-boot.actuator.v1+json || application/json]}" onto public java.lang.Object org.springframework.boot.actuate.endpoint.mvc.LoggersMvcEndpoint.set(java.lang.String,java.util.Map<java.lang.String, java.lang.String>)
2017-09-07 10:29:13,841  INFO EndpointHandlerMapping:543 - Mapped "{[/loggers || /loggers.json],methods=[GET],produces=[application/vnd.spring-boot.actuator.v1+json || application/json]}" onto public java.lang.Object org.springframework.boot.actuate.endpoint.mvc.EndpointMvcAdapter.invoke()
2017-09-07 10:29:13,841  INFO EndpointHandlerMapping:543 - Mapped "{[/shutdown || /shutdown.json],methods=[POST],produces=[application/vnd.spring-boot.actuator.v1+json || application/json]}" onto public java.lang.Object org.springframework.boot.actuate.endpoint.mvc.ShutdownMvcEndpoint.invoke()
2017-09-07 10:29:13,841  INFO EndpointHandlerMapping:543 - Mapped "{[/autoconfig || /autoconfig.json],methods=[GET],produces=[application/vnd.spring-boot.actuator.v1+json || application/json]}" onto public java.lang.Object org.springframework.boot.actuate.endpoint.mvc.EndpointMvcAdapter.invoke()
2017-09-07 10:29:13,841  INFO EndpointHandlerMapping:543 - Mapped "{[/configprops || /configprops.json],methods=[GET],produces=[application/vnd.spring-boot.actuator.v1+json || application/json]}" onto public java.lang.Object org.springframework.boot.actuate.endpoint.mvc.EndpointMvcAdapter.invoke()
2017-09-07 10:29:13,841  INFO EndpointHandlerMapping:543 - Mapped "{[/metrics/{name:.*}],methods=[GET],produces=[application/vnd.spring-boot.actuator.v1+json || application/json]}" onto public java.lang.Object org.springframework.boot.actuate.endpoint.mvc.MetricsMvcEndpoint.value(java.lang.String)
2017-09-07 10:29:13,841  INFO EndpointHandlerMapping:543 - Mapped "{[/metrics || /metrics.json],methods=[GET],produces=[application/vnd.spring-boot.actuator.v1+json || application/json]}" onto public java.lang.Object org.springframework.boot.actuate.endpoint.mvc.EndpointMvcAdapter.invoke()
2017-09-07 10:29:13,841  INFO EndpointHandlerMapping:543 - Mapped "{[/heapdump || /heapdump.json],methods=[GET],produces=[application/octet-stream]}" onto public void org.springframework.boot.actuate.endpoint.mvc.HeapdumpMvcEndpoint.invoke(boolean,javax.servlet.http.HttpServletRequest,javax.servlet.http.HttpServletResponse) throws java.io.IOException,javax.servlet.ServletException
2017-09-07 10:29:13,841  INFO EndpointHandlerMapping:543 - Mapped "{[/trace || /trace.json],methods=[GET],produces=[application/vnd.spring-boot.actuator.v1+json || application/json]}" onto public java.lang.Object org.springframework.boot.actuate.endpoint.mvc.EndpointMvcAdapter.invoke()
2017-09-07 10:29:13,841  INFO EndpointHandlerMapping:543 - Mapped "{[/env/{name:.*}],methods=[GET],produces=[application/vnd.spring-boot.actuator.v1+json || application/json]}" onto public java.lang.Object org.springframework.boot.actuate.endpoint.mvc.EnvironmentMvcEndpoint.value(java.lang.String)
2017-09-07 10:29:13,841  INFO EndpointHandlerMapping:543 - Mapped "{[/env || /env.json],methods=[GET],produces=[application/vnd.spring-boot.actuator.v1+json || application/json]}" onto public java.lang.Object org.springframework.boot.actuate.endpoint.mvc.EndpointMvcAdapter.invoke()
2017-09-07 10:29:13,841  INFO EndpointHandlerMapping:543 - Mapped "{[/auditevents || /auditevents.json],methods=[GET],produces=[application/vnd.spring-boot.actuator.v1+json || application/json]}" onto public org.springframework.http.ResponseEntity<?> org.springframework.boot.actuate.endpoint.mvc.AuditEventsMvcEndpoint.findByPrincipalAndAfterAndType(java.lang.String,java.util.Date,java.lang.String)
2017-09-07 10:29:13,841  INFO EndpointHandlerMapping:543 - Mapped "{[/health || /health.json],methods=[GET],produces=[application/vnd.spring-boot.actuator.v1+json || application/json]}" onto public java.lang.Object org.springframework.boot.actuate.endpoint.mvc.HealthMvcEndpoint.invoke(javax.servlet.http.HttpServletRequest,java.security.Principal)
2017-09-07 10:29:13,841  INFO EndpointHandlerMapping:543 - Mapped "{[/beans || /beans.json],methods=[GET],produces=[application/vnd.spring-boot.actuator.v1+json || application/json]}" onto public java.lang.Object org.springframework.boot.actuate.endpoint.mvc.EndpointMvcAdapter.invoke()
2017-09-07 10:29:13,841  INFO EndpointHandlerMapping:543 - Mapped "{[/actuator || /actuator.json],methods=[GET],produces=[application/vnd.spring-boot.actuator.v1+json || application/json]}" onto public org.springframework.hateoas.ResourceSupport org.springframework.boot.actuate.endpoint.mvc.HalJsonMvcEndpoint.links()
2017-09-07 10:29:13,841  INFO EndpointHandlerMapping:543 - Mapped "{[/dump || /dump.json],methods=[GET],produces=[application/vnd.spring-boot.actuator.v1+json || application/json]}" onto public java.lang.Object org.springframework.boot.actuate.endpoint.mvc.EndpointMvcAdapter.invoke()
2017-09-07 10:29:13,856  INFO EndpointHandlerMapping:543 - Mapped "{[/mappings || /mappings.json],methods=[GET],produces=[application/vnd.spring-boot.actuator.v1+json || application/json]}" onto public java.lang.Object org.springframework.boot.actuate.endpoint.mvc.EndpointMvcAdapter.invoke()
2017-09-07 10:29:13,856  INFO EndpointHandlerMapping:543 - Mapped "{[/servertime || /servertime.json],methods=[GET],produces=[application/vnd.spring-boot.actuator.v1+json || application/json]}" onto public java.lang.Object org.springframework.boot.actuate.endpoint.mvc.EndpointMvcAdapter.invoke()
2017-09-07 10:29:14,682  INFO RequestMappingHandlerAdapter:534 - Looking for @ControllerAdvice: org.springframework.boot.context.embedded.AnnotationConfigEmbeddedWebApplicationContext@2d8ca1e3: startup date [Thu Sep 07 10:29:02 CST 2017]; root of context hierarchy
2017-09-07 10:29:14,697  INFO RequestMappingHandlerAdapter:566 - Detected ResponseBodyAdvice bean in org.springframework.boot.actuate.autoconfigure.EndpointWebMvcHypermediaManagementContextConfiguration$ActuatorEndpointLinksAdvice
2017-09-07 10:29:14,775  INFO SimpleUrlHandlerMapping:362 - Mapped URL path [/webjars/**] onto handler of type [class org.springframework.web.servlet.resource.ResourceHttpRequestHandler]
2017-09-07 10:29:14,775  INFO SimpleUrlHandlerMapping:362 - Mapped URL path [/**] onto handler of type [class org.springframework.web.servlet.resource.ResourceHttpRequestHandler]
2017-09-07 10:29:14,822  INFO ExceptionHandlerExceptionResolver:273 - Detected @ExceptionHandler methods in globalExceptionHandler
2017-09-07 10:29:14,822  INFO ExceptionHandlerExceptionResolver:279 - Detected ResponseBodyAdvice implementation in org.springframework.boot.actuate.autoconfigure.EndpointWebMvcHypermediaManagementContextConfiguration$ActuatorEndpointLinksAdvice
2017-09-07 10:29:14,916  INFO SimpleUrlHandlerMapping:362 - Mapped URL path [/**/favicon.ico] onto handler of type [class org.springframework.web.servlet.resource.ResourceHttpRequestHandler]
2017-09-07 10:29:16,948  WARN AnnotationConfigEmbeddedWebApplicationContext:550 - Exception encountered during context initialization - cancelling refresh attempt: org.springframework.beans.factory.BeanCreationException: Error creating bean with name 'org.springframework.boot.autoconfigure.session.SessionAutoConfiguration$SessionRepositoryValidator': Invocation of init method failed; nested exception is java.lang.IllegalArgumentException: No session repository could be auto-configured, check your configuration (session store type is 'null')
2017-09-07 10:29:16,963  INFO EndpointMBeanExporter:449 - Unregistering JMX-exposed beans on shutdown
2017-09-07 10:29:16,963  INFO AnnotationMBeanExporter:449 - Unregistering JMX-exposed beans on shutdown
2017-09-07 10:29:16,963  INFO LifecycleObjectSupport:81 - destroy called
2017-09-07 10:29:16,979  INFO LocalContainerEntityManagerFactoryBean:548 - Closing JPA EntityManagerFactory for persistence unit 'default'
2017-09-07 10:29:17,104  INFO AutoConfigurationReportLoggingInitializer:101 - 

Error starting ApplicationContext. To display the auto-configuration report re-run your application with 'debug' enabled.
2017-09-07 10:29:17,119 ERROR SpringApplication:815 - Application startup failed
org.springframework.beans.factory.BeanCreationException: Error creating bean with name 'org.springframework.boot.autoconfigure.session.SessionAutoConfiguration$SessionRepositoryValidator': Invocation of init method failed; nested exception is java.lang.IllegalArgumentException: No session repository could be auto-configured, check your configuration (session store type is 'null')
	at org.springframework.beans.factory.annotation.InitDestroyAnnotationBeanPostProcessor.postProcessBeforeInitialization(InitDestroyAnnotationBeanPostProcessor.java:137)
	at org.springframework.beans.factory.support.AbstractAutowireCapableBeanFactory.applyBeanPostProcessorsBeforeInitialization(AbstractAutowireCapableBeanFactory.java:409)
	at org.springframework.beans.factory.support.AbstractAutowireCapableBeanFactory.initializeBean(AbstractAutowireCapableBeanFactory.java:1620)
	at org.springframework.beans.factory.support.AbstractAutowireCapableBeanFactory.doCreateBean(AbstractAutowireCapableBeanFactory.java:555)
	at org.springframework.beans.factory.support.AbstractAutowireCapableBeanFactory.createBean(AbstractAutowireCapableBeanFactory.java:483)
	at org.springframework.beans.factory.support.AbstractBeanFactory$1.getObject(AbstractBeanFactory.java:306)
	at org.springframework.beans.factory.support.DefaultSingletonBeanRegistry.getSingleton(DefaultSingletonBeanRegistry.java:230)
	at org.springframework.beans.factory.support.AbstractBeanFactory.doGetBean(AbstractBeanFactory.java:302)
	at org.springframework.beans.factory.support.AbstractBeanFactory.getBean(AbstractBeanFactory.java:197)
	at org.springframework.beans.factory.support.DefaultListableBeanFactory.preInstantiateSingletons(DefaultListableBeanFactory.java:761)
	at org.springframework.context.support.AbstractApplicationContext.finishBeanFactoryInitialization(AbstractApplicationContext.java:866)
	at org.springframework.context.support.AbstractApplicationContext.refresh(AbstractApplicationContext.java:542)
	at org.springframework.boot.context.embedded.EmbeddedWebApplicationContext.refresh(EmbeddedWebApplicationContext.java:122)
	at org.springframework.boot.SpringApplication.refresh(SpringApplication.java:737)
	at org.springframework.boot.SpringApplication.refreshContext(SpringApplication.java:370)
	at org.springframework.boot.SpringApplication.run(SpringApplication.java:314)
	at org.springframework.boot.SpringApplication.run(SpringApplication.java:1162)
	at org.springframework.boot.SpringApplication.run(SpringApplication.java:1151)
	at com.example.demo.DemoApplication.main(DemoApplication.java:31)
	at sun.reflect.NativeMethodAccessorImpl.invoke0(Native Method)
	at sun.reflect.NativeMethodAccessorImpl.invoke(NativeMethodAccessorImpl.java:57)
	at sun.reflect.DelegatingMethodAccessorImpl.invoke(DelegatingMethodAccessorImpl.java:43)
	at java.lang.reflect.Method.invoke(Method.java:601)
	at org.springframework.boot.devtools.restart.RestartLauncher.run(RestartLauncher.java:49)
Caused by: java.lang.IllegalArgumentException: No session repository could be auto-configured, check your configuration (session store type is 'null')
	at org.springframework.util.Assert.notNull(Assert.java:134)
	at org.springframework.boot.autoconfigure.session.SessionAutoConfiguration$SessionRepositoryValidator.checkSessionRepository(SessionAutoConfiguration.java:100)
	at sun.reflect.NativeMethodAccessorImpl.invoke0(Native Method)
	at sun.reflect.NativeMethodAccessorImpl.invoke(NativeMethodAccessorImpl.java:57)
	at sun.reflect.DelegatingMethodAccessorImpl.invoke(DelegatingMethodAccessorImpl.java:43)
	at java.lang.reflect.Method.invoke(Method.java:601)
	at org.springframework.beans.factory.annotation.InitDestroyAnnotationBeanPostProcessor$LifecycleElement.invoke(InitDestroyAnnotationBeanPostProcessor.java:366)
	at org.springframework.beans.factory.annotation.InitDestroyAnnotationBeanPostProcessor$LifecycleMetadata.invokeInitMethods(InitDestroyAnnotationBeanPostProcessor.java:311)
	at org.springframework.beans.factory.annotation.InitDestroyAnnotationBeanPostProcessor.postProcessBeforeInitialization(InitDestroyAnnotationBeanPostProcessor.java:134)
	... 23 more
